0 verbose cli C:\Program Files\nodejs\node.exe C:\Program Files\nodejs\node_modules\npm\bin\npm-cli.js
1 info using npm@9.5.1
2 info using node@v18.16.1
3 timing npm:load:whichnode Completed in 1ms
4 timing config:load:defaults Completed in 2ms
5 timing config:load:file:C:\Program Files\nodejs\node_modules\npm\npmrc Completed in 2ms
6 timing config:load:builtin Completed in 2ms
7 timing config:load:cli Completed in 2ms
8 timing config:load:env Completed in 0ms
9 timing config:load:file:C:\Users\HP PC\OneDrive\Desktop\react\expense-tracker\.npmrc Completed in 0ms
10 timing config:load:project Completed in 5ms
11 timing config:load:file:C:\Users\HP PC\.npmrc Completed in 1ms
12 timing config:load:user Completed in 1ms
13 timing config:load:file:C:\Users\HP PC\AppData\Roaming\npm\etc\npmrc Completed in 2ms
14 timing config:load:global Completed in 2ms
15 timing config:load:setEnvs Completed in 1ms
16 timing config:load Completed in 16ms
17 timing npm:load:configload Completed in 16ms
18 timing npm:load:mkdirpcache Completed in 1ms
19 timing npm:load:mkdirplogs Completed in 0ms
20 verbose title npm install husky lint-staged prettier
21 verbose argv "install" "--save" "husky" "lint-staged" "prettier"
22 timing npm:load:setTitle Completed in 2ms
23 timing config:load:flatten Completed in 3ms
24 timing npm:load:display Completed in 4ms
25 verbose logfile logs-max:10 dir:C:\Users\HP PC\OneDrive\Desktop\react\expense-tracker\tmpnodejsnpm-cache\_logs\2023-07-11T18_36_27_766Z-
26 verbose logfile C:\Users\HP PC\OneDrive\Desktop\react\expense-tracker\tmpnodejsnpm-cache\_logs\2023-07-11T18_36_27_766Z-debug-0.log
27 timing npm:load:logFile Completed in 5ms
28 timing npm:load:timers Completed in 0ms
29 timing npm:load:configScope Completed in 0ms
30 timing npm:load Completed in 32ms
31 timing arborist:ctor Completed in 1ms
32 silly logfile done cleaning log files
33 timing idealTree:init Completed in 1025ms
34 timing idealTree:userRequests Completed in 5ms
35 silly idealTree buildDeps
36 silly fetch manifest husky@*
37 verbose shrinkwrap failed to load node_modules/.package-lock.json out of date, updated: node_modules
38 http fetch GET 200 https://registry.npmjs.org/husky 1495ms (cache miss)
39 silly fetch manifest lint-staged@*
40 http fetch GET 200 https://registry.npmjs.org/lint-staged 63ms (cache miss)
41 silly fetch manifest prettier@*
42 http fetch GET 200 https://registry.npmjs.org/prettier 44ms (cache miss)
43 silly placeDep ROOT husky@8.0.3 OK for: expense-tracker@0.1.0 want: *
44 silly placeDep ROOT lint-staged@13.2.3 OK for: expense-tracker@0.1.0 want: *
45 silly placeDep ROOT prettier@3.0.0 OK for: expense-tracker@0.1.0 want: *
46 silly fetch manifest chalk@5.2.0
47 silly fetch manifest cli-truncate@^3.1.0
48 silly fetch manifest commander@^10.0.0
49 silly fetch manifest execa@^7.0.0
50 silly fetch manifest listr2@^5.0.7
51 silly fetch manifest pidtree@^0.6.0
52 silly fetch manifest string-argv@^0.3.1
53 silly fetch manifest yaml@^2.2.2
54 http fetch GET 200 https://registry.npmjs.org/chalk 60ms (cache miss)
55 http fetch GET 200 https://registry.npmjs.org/string-argv 148ms (cache miss)
56 http fetch GET 200 https://registry.npmjs.org/execa 162ms (cache miss)
57 http fetch GET 200 https://registry.npmjs.org/commander 169ms (cache miss)
58 http fetch GET 200 https://registry.npmjs.org/yaml 172ms (cache miss)
59 http fetch GET 200 https://registry.npmjs.org/listr2 185ms (cache miss)
60 http fetch GET 200 https://registry.npmjs.org/pidtree 1152ms (cache miss)
61 http fetch GET 200 https://registry.npmjs.org/cli-truncate 1173ms (cache miss)
62 timing idealTree:#root Completed in 2823ms
63 timing idealTree:node_modules/husky Completed in 0ms
64 silly fetch manifest enquirer@>= 2.3.0 < 3
65 http fetch GET 200 https://registry.npmjs.org/enquirer 47ms (cache miss)
66 silly placeDep node_modules/lint-staged chalk@5.2.0 OK for: lint-staged@13.2.3 want: 5.2.0
67 silly placeDep ROOT cli-truncate@3.1.0 OK for: lint-staged@13.2.3 want: ^3.1.0
68 silly placeDep node_modules/lint-staged commander@10.0.1 OK for: lint-staged@13.2.3 want: ^10.0.0
69 silly placeDep node_modules/lint-staged execa@7.1.1 OK for: lint-staged@13.2.3 want: ^7.0.0
70 silly placeDep ROOT listr2@5.0.8 OK for: lint-staged@13.2.3 want: ^5.0.7
71 silly placeDep ROOT pidtree@0.6.0 OK for: lint-staged@13.2.3 want: ^0.6.0
72 silly placeDep ROOT string-argv@0.3.2 OK for: lint-staged@13.2.3 want: ^0.3.1
73 silly placeDep node_modules/lint-staged yaml@2.3.1 OK for: lint-staged@13.2.3 want: ^2.2.2
74 silly fetch manifest slice-ansi@^5.0.0
75 silly fetch manifest string-width@^5.0.0
76 silly fetch manifest human-signals@^4.3.0
77 silly fetch manifest is-stream@^3.0.0
78 silly fetch manifest npm-run-path@^5.1.0
79 silly fetch manifest onetime@^6.0.0
80 silly fetch manifest strip-final-newline@^3.0.0
81 silly fetch manifest cli-truncate@^2.1.0
82 silly fetch manifest log-update@^4.0.0
83 silly fetch manifest p-map@^4.0.0
84 silly fetch manifest rfdc@^1.3.0
85 silly fetch manifest rxjs@^7.8.0
86 silly fetch manifest through@^2.3.8
87 http fetch GET 200 https://registry.npmjs.org/is-stream 58ms (cache miss)
88 http fetch GET 200 https://registry.npmjs.org/human-signals 60ms (cache miss)
89 http fetch GET 200 https://registry.npmjs.org/npm-run-path 65ms (cache miss)
90 http fetch GET 200 https://registry.npmjs.org/strip-final-newline 66ms (cache miss)
91 http fetch GET 200 https://registry.npmjs.org/slice-ansi 69ms (cache miss)
92 http fetch GET 200 https://registry.npmjs.org/onetime 71ms (cache miss)
93 http fetch GET 200 https://registry.npmjs.org/string-width 75ms (cache miss)
94 http fetch GET 200 https://registry.npmjs.org/p-map 78ms (cache miss)
95 http fetch GET 200 https://registry.npmjs.org/rfdc 80ms (cache miss)
96 http fetch GET 200 https://registry.npmjs.org/through 79ms (cache miss)
97 http fetch GET 200 https://registry.npmjs.org/log-update 331ms (cache miss)
98 http fetch GET 200 https://registry.npmjs.org/rxjs 1172ms (cache miss)
99 timing idealTree:node_modules/lint-staged Completed in 1263ms
100 silly placeDep ROOT slice-ansi@5.0.0 OK for: cli-truncate@3.1.0 want: ^5.0.0
101 silly placeDep node_modules/cli-truncate string-width@5.1.2 OK for: cli-truncate@3.1.0 want: ^5.0.0
102 silly fetch manifest ansi-styles@^6.0.0
103 silly fetch manifest is-fullwidth-code-point@^4.0.0
104 silly fetch manifest eastasianwidth@^0.2.0
105 silly fetch manifest strip-ansi@^7.0.1
106 http fetch GET 200 https://registry.npmjs.org/strip-ansi 48ms (cache miss)
107 http fetch GET 200 https://registry.npmjs.org/eastasianwidth 49ms (cache miss)
108 http fetch GET 200 https://registry.npmjs.org/ansi-styles 52ms (cache miss)
109 http fetch GET 200 https://registry.npmjs.org/is-fullwidth-code-point 54ms (cache miss)
110 timing idealTree:node_modules/cli-truncate Completed in 60ms
111 silly placeDep node_modules/listr2 cli-truncate@2.1.0 OK for: listr2@5.0.8 want: ^2.1.0
112 silly placeDep ROOT log-update@4.0.0 OK for: listr2@5.0.8 want: ^4.0.0
113 silly placeDep ROOT p-map@4.0.0 OK for: listr2@5.0.8 want: ^4.0.0
114 silly placeDep ROOT rfdc@1.3.0 OK for: listr2@5.0.8 want: ^1.3.0
115 silly placeDep ROOT rxjs@7.8.1 OK for: listr2@5.0.8 want: ^7.8.0
116 silly placeDep ROOT through@2.3.8 OK for: listr2@5.0.8 want: ^2.3.8
117 silly fetch manifest slice-ansi@^3.0.0
118 silly fetch manifest cli-cursor@^3.1.0
119 silly fetch manifest slice-ansi@^4.0.0
120 silly fetch manifest wrap-ansi@^6.2.0
121 silly fetch manifest aggregate-error@^3.0.0
122 http fetch GET 200 https://registry.npmjs.org/aggregate-error 40ms (cache miss)
123 http fetch GET 200 https://registry.npmjs.org/wrap-ansi 44ms (cache miss)
124 http fetch GET 200 https://registry.npmjs.org/cli-cursor 1148ms (cache miss)
125 timing idealTree:node_modules/listr2 Completed in 1168ms
126 silly placeDep ROOT cli-cursor@3.1.0 OK for: log-update@4.0.0 want: ^3.1.0
127 silly placeDep node_modules/log-update slice-ansi@4.0.0 OK for: log-update@4.0.0 want: ^4.0.0
128 silly placeDep node_modules/log-update wrap-ansi@6.2.0 OK for: log-update@4.0.0 want: ^6.2.0
129 silly fetch manifest restore-cursor@^3.1.0
130 silly fetch manifest ansi-styles@^4.0.0
131 silly fetch manifest astral-regex@^2.0.0
132 http fetch GET 200 https://registry.npmjs.org/astral-regex 44ms (cache miss)
133 http fetch GET 200 https://registry.npmjs.org/restore-cursor 46ms (cache miss)
134 timing idealTree:node_modules/log-update Completed in 55ms
135 silly placeDep ROOT restore-cursor@3.1.0 OK for: cli-cursor@3.1.0 want: ^3.1.0
136 timing idealTree:node_modules/cli-cursor Completed in 5ms
137 silly placeDep ROOT aggregate-error@3.1.0 OK for: p-map@4.0.0 want: ^3.0.0
138 silly fetch manifest clean-stack@^2.0.0
139 http fetch GET 200 https://registry.npmjs.org/clean-stack 51ms (cache miss)
140 timing idealTree:node_modules/p-map Completed in 56ms
141 silly placeDep ROOT clean-stack@2.2.0 OK for: aggregate-error@3.1.0 want: ^2.0.0
142 timing idealTree:node_modules/aggregate-error Completed in 4ms
143 timing idealTree:node_modules/clean-stack Completed in 0ms
144 timing idealTree:node_modules/pidtree Completed in 0ms
145 timing idealTree:node_modules/prettier Completed in 0ms
146 timing idealTree:node_modules/restore-cursor Completed in 0ms
147 timing idealTree:node_modules/rfdc Completed in 0ms
148 timing idealTree:node_modules/rxjs Completed in 0ms
149 silly placeDep node_modules/slice-ansi ansi-styles@6.2.1 OK for: slice-ansi@5.0.0 want: ^6.0.0
150 silly placeDep node_modules/slice-ansi is-fullwidth-code-point@4.0.0 OK for: slice-ansi@5.0.0 want: ^4.0.0
151 timing idealTree:node_modules/slice-ansi Completed in 3ms
152 timing idealTree:node_modules/string-argv Completed in 0ms
153 timing idealTree:node_modules/through Completed in 0ms
154 silly placeDep ROOT eastasianwidth@0.2.0 OK for: string-width@5.1.2 want: ^0.2.0
155 silly placeDep node_modules/cli-truncate strip-ansi@7.1.0 OK for: string-width@5.1.2 want: ^7.0.1
156 silly fetch manifest ansi-regex@^6.0.1
157 http fetch GET 200 https://registry.npmjs.org/ansi-regex 38ms (cache miss)
158 timing idealTree:node_modules/cli-truncate/node_modules/string-width Completed in 43ms
159 timing idealTree:node_modules/eastasianwidth Completed in 0ms
160 silly placeDep node_modules/cli-truncate ansi-regex@6.0.1 OK for: strip-ansi@7.1.0 want: ^6.0.1
161 timing idealTree:node_modules/cli-truncate/node_modules/strip-ansi Completed in 2ms
162 timing idealTree:node_modules/cli-truncate/node_modules/ansi-regex Completed in 0ms
163 timing idealTree:node_modules/lint-staged/node_modules/chalk Completed in 0ms
164 timing idealTree:node_modules/lint-staged/node_modules/commander Completed in 0ms
165 silly placeDep node_modules/lint-staged human-signals@4.3.1 OK for: execa@7.1.1 want: ^4.3.0
166 silly placeDep node_modules/lint-staged is-stream@3.0.0 OK for: execa@7.1.1 want: ^3.0.0
167 silly placeDep node_modules/lint-staged npm-run-path@5.1.0 OK for: execa@7.1.1 want: ^5.1.0
168 silly placeDep node_modules/lint-staged onetime@6.0.0 OK for: execa@7.1.1 want: ^6.0.0
169 silly placeDep node_modules/lint-staged strip-final-newline@3.0.0 OK for: execa@7.1.1 want: ^3.0.0
170 silly fetch manifest path-key@^4.0.0
171 silly fetch manifest mimic-fn@^4.0.0
172 http fetch GET 200 https://registry.npmjs.org/path-key 32ms (cache miss)
173 http fetch GET 200 https://registry.npmjs.org/mimic-fn 32ms (cache miss)
174 timing idealTree:node_modules/lint-staged/node_modules/execa Completed in 42ms
175 timing idealTree:node_modules/lint-staged/node_modules/human-signals Completed in 0ms
176 timing idealTree:node_modules/lint-staged/node_modules/is-stream Completed in 0ms
177 silly placeDep node_modules/lint-staged path-key@4.0.0 OK for: npm-run-path@5.1.0 want: ^4.0.0
178 timing idealTree:node_modules/lint-staged/node_modules/npm-run-path Completed in 2ms
179 silly placeDep node_modules/lint-staged mimic-fn@4.0.0 OK for: onetime@6.0.0 want: ^4.0.0
180 timing idealTree:node_modules/lint-staged/node_modules/onetime Completed in 1ms
181 timing idealTree:node_modules/lint-staged/node_modules/mimic-fn Completed in 0ms
182 timing idealTree:node_modules/lint-staged/node_modules/path-key Completed in 0ms
183 timing idealTree:node_modules/lint-staged/node_modules/strip-final-newline Completed in 0ms
184 timing idealTree:node_modules/lint-staged/node_modules/yaml Completed in 0ms
185 silly placeDep node_modules/listr2 slice-ansi@3.0.0 OK for: cli-truncate@2.1.0 want: ^3.0.0
186 timing idealTree:node_modules/listr2/node_modules/cli-truncate Completed in 1ms
187 silly placeDep node_modules/listr2 ansi-styles@4.3.0 OK for: slice-ansi@3.0.0 want: ^4.0.0
188 silly placeDep ROOT astral-regex@2.0.0 OK for: slice-ansi@3.0.0 want: ^2.0.0
189 silly fetch manifest color-convert@^2.0.1
190 http fetch GET 200 https://registry.npmjs.org/color-convert 31ms (cache miss)
191 timing idealTree:node_modules/listr2/node_modules/slice-ansi Completed in 37ms
192 timing idealTree:node_modules/astral-regex Completed in 0ms
193 silly placeDep node_modules/listr2 color-convert@2.0.1 OK for: ansi-styles@4.3.0 want: ^2.0.1
194 silly fetch manifest color-name@~1.1.4
195 http fetch GET 200 https://registry.npmjs.org/color-name 31ms (cache miss)
196 timing idealTree:node_modules/listr2/node_modules/ansi-styles Completed in 36ms
197 silly placeDep node_modules/listr2 color-name@1.1.4 OK for: color-convert@2.0.1 want: ~1.1.4
198 timing idealTree:node_modules/listr2/node_modules/color-convert Completed in 3ms
199 timing idealTree:node_modules/listr2/node_modules/color-name Completed in 0ms
200 silly placeDep node_modules/log-update ansi-styles@4.3.0 OK for: slice-ansi@4.0.0 want: ^4.0.0
201 timing idealTree:node_modules/log-update/node_modules/slice-ansi Completed in 3ms
202 silly placeDep node_modules/log-update color-convert@2.0.1 OK for: ansi-styles@4.3.0 want: ^2.0.1
203 timing idealTree:node_modules/log-update/node_modules/ansi-styles Completed in 4ms
204 silly placeDep node_modules/log-update color-name@1.1.4 OK for: color-convert@2.0.1 want: ~1.1.4
205 timing idealTree:node_modules/log-update/node_modules/color-convert Completed in 3ms
206 timing idealTree:node_modules/log-update/node_modules/color-name Completed in 0ms
207 timing idealTree:node_modules/log-update/node_modules/wrap-ansi Completed in 0ms
208 timing idealTree:node_modules/slice-ansi/node_modules/ansi-styles Completed in 0ms
209 timing idealTree:node_modules/slice-ansi/node_modules/is-fullwidth-code-point Completed in 0ms
210 timing idealTree:buildDeps Completed in 5624ms
211 timing idealTree:fixDepFlags Completed in 19ms
212 timing idealTree Completed in 6699ms
213 timing reify:loadTrees Completed in 6699ms
214 timing reify:diffTrees Completed in 66ms
215 silly reify moves {}
216 timing reify:retireShallow Completed in 1ms
217 timing reify:createSparse Completed in 16ms
218 timing reify:loadBundles Completed in 0ms
219 silly audit bulk request {
219 silly audit   '@aashutoshrathi/word-wrap': [ '1.2.6' ],
219 silly audit   '@adobe/css-tools': [ '4.2.0' ],
219 silly audit   '@alloc/quick-lru': [ '5.2.0' ],
219 silly audit   '@ampproject/remapping': [ '2.2.1' ],
219 silly audit   '@babel/code-frame': [ '7.22.5' ],
219 silly audit   '@babel/compat-data': [ '7.22.6' ],
219 silly audit   '@babel/core': [ '7.22.8' ],
219 silly audit   '@babel/eslint-parser': [ '7.22.7' ],
219 silly audit   'eslint-visitor-keys': [ '2.1.0', '3.4.1' ],
219 silly audit   '@babel/generator': [ '7.22.7' ],
219 silly audit   '@babel/helper-annotate-as-pure': [ '7.22.5' ],
219 silly audit   '@babel/helper-builder-binary-assignment-operator-visitor': [ '7.22.5' ],
219 silly audit   '@babel/helper-compilation-targets': [ '7.22.6' ],
219 silly audit   '@babel/helper-create-class-features-plugin': [ '7.22.6' ],
219 silly audit   '@babel/helper-create-regexp-features-plugin': [ '7.22.6' ],
219 silly audit   '@babel/helper-define-polyfill-provider': [ '0.4.1' ],
219 silly audit   '@babel/helper-environment-visitor': [ '7.22.5' ],
219 silly audit   '@babel/helper-function-name': [ '7.22.5' ],
219 silly audit   '@babel/helper-hoist-variables': [ '7.22.5' ],
219 silly audit   '@babel/helper-member-expression-to-functions': [ '7.22.5' ],
219 silly audit   '@babel/helper-module-imports': [ '7.22.5' ],
219 silly audit   '@babel/helper-module-transforms': [ '7.22.5' ],
219 silly audit   '@babel/helper-optimise-call-expression': [ '7.22.5' ],
219 silly audit   '@babel/helper-plugin-utils': [ '7.22.5' ],
219 silly audit   '@babel/helper-remap-async-to-generator': [ '7.22.5' ],
219 silly audit   '@babel/helper-replace-supers': [ '7.22.5' ],
219 silly audit   '@babel/helper-simple-access': [ '7.22.5' ],
219 silly audit   '@babel/helper-skip-transparent-expression-wrappers': [ '7.22.5' ],
219 silly audit   '@babel/helper-split-export-declaration': [ '7.22.6' ],
219 silly audit   '@babel/helper-string-parser': [ '7.22.5' ],
219 silly audit   '@babel/helper-validator-identifier': [ '7.22.5' ],
219 silly audit   '@babel/helper-validator-option': [ '7.22.5' ],
219 silly audit   '@babel/helper-wrap-function': [ '7.22.5' ],
219 silly audit   '@babel/helpers': [ '7.22.6' ],
219 silly audit   '@babel/highlight': [ '7.22.5' ],
219 silly audit   '@babel/parser': [ '7.22.7' ],
219 silly audit   '@babel/plugin-bugfix-safari-id-destructuring-collision-in-function-expression': [ '7.22.5' ],
219 silly audit   '@babel/plugin-bugfix-v8-spread-parameters-in-optional-chaining': [ '7.22.5' ],
219 silly audit   '@babel/plugin-proposal-class-properties': [ '7.18.6' ],
219 silly audit   '@babel/plugin-proposal-decorators': [ '7.22.7' ],
219 silly audit   '@babel/plugin-proposal-nullish-coalescing-operator': [ '7.18.6' ],
219 silly audit   '@babel/plugin-proposal-numeric-separator': [ '7.18.6' ],
219 silly audit   '@babel/plugin-proposal-optional-chaining': [ '7.21.0' ],
219 silly audit   '@babel/plugin-proposal-private-methods': [ '7.18.6' ],
219 silly audit   '@babel/plugin-proposal-private-property-in-object': [ '7.21.0-placeholder-for-preset-env.2' ],
219 silly audit   '@babel/plugin-proposal-unicode-property-regex': [ '7.18.6' ],
219 silly audit   '@babel/plugin-syntax-async-generators': [ '7.8.4' ],
219 silly audit   '@babel/plugin-syntax-bigint': [ '7.8.3' ],
219 silly audit   '@babel/plugin-syntax-class-properties': [ '7.12.13' ],
219 silly audit   '@babel/plugin-syntax-class-static-block': [ '7.14.5' ],
219 silly audit   '@babel/plugin-syntax-decorators': [ '7.22.5' ],
219 silly audit   '@babel/plugin-syntax-dynamic-import': [ '7.8.3' ],
219 silly audit   '@babel/plugin-syntax-export-namespace-from': [ '7.8.3' ],
219 silly audit   '@babel/plugin-syntax-flow': [ '7.22.5' ],
219 silly audit   '@babel/plugin-syntax-import-assertions': [ '7.22.5' ],
219 silly audit   '@babel/plugin-syntax-import-attributes': [ '7.22.5' ],
219 silly audit   '@babel/plugin-syntax-import-meta': [ '7.10.4' ],
219 silly audit   '@babel/plugin-syntax-json-strings': [ '7.8.3' ],
219 silly audit   '@babel/plugin-syntax-jsx': [ '7.22.5' ],
219 silly audit   '@babel/plugin-syntax-logical-assignment-operators': [ '7.10.4' ],
219 silly audit   '@babel/plugin-syntax-nullish-coalescing-operator': [ '7.8.3' ],
219 silly audit   '@babel/plugin-syntax-numeric-separator': [ '7.10.4' ],
219 silly audit   '@babel/plugin-syntax-object-rest-spread': [ '7.8.3' ],
219 silly audit   '@babel/plugin-syntax-optional-catch-binding': [ '7.8.3' ],
219 silly audit   '@babel/plugin-syntax-optional-chaining': [ '7.8.3' ],
219 silly audit   '@babel/plugin-syntax-private-property-in-object': [ '7.14.5' ],
219 silly audit   '@babel/plugin-syntax-top-level-await': [ '7.14.5' ],
219 silly audit   '@babel/plugin-syntax-typescript': [ '7.22.5' ],
219 silly audit   '@babel/plugin-syntax-unicode-sets-regex': [ '7.18.6' ],
219 silly audit   '@babel/plugin-transform-arrow-functions': [ '7.22.5' ],
219 silly audit   '@babel/plugin-transform-async-generator-functions': [ '7.22.7' ],
219 silly audit   '@babel/plugin-transform-async-to-generator': [ '7.22.5' ],
219 silly audit   '@babel/plugin-transform-block-scoped-functions': [ '7.22.5' ],
219 silly audit   '@babel/plugin-transform-block-scoping': [ '7.22.5' ],
219 silly audit   '@babel/plugin-transform-class-properties': [ '7.22.5' ],
219 silly audit   '@babel/plugin-transform-class-static-block': [ '7.22.5' ],
219 silly audit   '@babel/plugin-transform-classes': [ '7.22.6' ],
219 silly audit   '@babel/plugin-transform-computed-properties': [ '7.22.5' ],
219 silly audit   '@babel/plugin-transform-destructuring': [ '7.22.5' ],
219 silly audit   '@babel/plugin-transform-dotall-regex': [ '7.22.5' ],
219 silly audit   '@babel/plugin-transform-duplicate-keys': [ '7.22.5' ],
219 silly audit   '@babel/plugin-transform-dynamic-import': [ '7.22.5' ],
219 silly audit   '@babel/plugin-transform-exponentiation-operator': [ '7.22.5' ],
219 silly audit   '@babel/plugin-transform-export-namespace-from': [ '7.22.5' ],
219 silly audit   '@babel/plugin-transform-flow-strip-types': [ '7.22.5' ],
219 silly audit   '@babel/plugin-transform-for-of': [ '7.22.5' ],
219 silly audit   '@babel/plugin-transform-function-name': [ '7.22.5' ],
219 silly audit   '@babel/plugin-transform-json-strings': [ '7.22.5' ],
219 silly audit   '@babel/plugin-transform-literals': [ '7.22.5' ],
219 silly audit   '@babel/plugin-transform-logical-assignment-operators': [ '7.22.5' ],
219 silly audit   '@babel/plugin-transform-member-expression-literals': [ '7.22.5' ],
219 silly audit   '@babel/plugin-transform-modules-amd': [ '7.22.5' ],
219 silly audit   '@babel/plugin-transform-modules-commonjs': [ '7.22.5' ],
219 silly audit   '@babel/plugin-transform-modules-systemjs': [ '7.22.5' ],
219 silly audit   '@babel/plugin-transform-modules-umd': [ '7.22.5' ],
219 silly audit   '@babel/plugin-transform-named-capturing-groups-regex': [ '7.22.5' ],
219 silly audit   '@babel/plugin-transform-new-target': [ '7.22.5' ],
219 silly audit   '@babel/plugin-transform-nullish-coalescing-operator': [ '7.22.5' ],
219 silly audit   '@babel/plugin-transform-numeric-separator': [ '7.22.5' ],
219 silly audit   '@babel/plugin-transform-object-rest-spread': [ '7.22.5' ],
219 silly audit   '@babel/plugin-transform-object-super': [ '7.22.5' ],
219 silly audit   '@babel/plugin-transform-optional-catch-binding': [ '7.22.5' ],
219 silly audit   '@babel/plugin-transform-optional-chaining': [ '7.22.6' ],
219 silly audit   '@babel/plugin-transform-parameters': [ '7.22.5' ],
219 silly audit   '@babel/plugin-transform-private-methods': [ '7.22.5' ],
219 silly audit   '@babel/plugin-transform-private-property-in-object': [ '7.22.5' ],
219 silly audit   '@babel/plugin-transform-property-literals': [ '7.22.5' ],
219 silly audit   '@babel/plugin-transform-react-constant-elements': [ '7.22.5' ],
219 silly audit   '@babel/plugin-transform-react-display-name': [ '7.22.5' ],
219 silly audit   '@babel/plugin-transform-react-jsx': [ '7.22.5' ],
219 silly audit   '@babel/plugin-transform-react-jsx-development': [ '7.22.5' ],
219 silly audit   '@babel/plugin-transform-react-pure-annotations': [ '7.22.5' ],
219 silly audit   '@babel/plugin-transform-regenerator': [ '7.22.5' ],
219 silly audit   '@babel/plugin-transform-reserved-words': [ '7.22.5' ],
219 silly audit   '@babel/plugin-transform-runtime': [ '7.22.7' ],
219 silly audit   '@babel/plugin-transform-shorthand-properties': [ '7.22.5' ],
219 silly audit   '@babel/plugin-transform-spread': [ '7.22.5' ],
219 silly audit   '@babel/plugin-transform-sticky-regex': [ '7.22.5' ],
219 silly audit   '@babel/plugin-transform-template-literals': [ '7.22.5' ],
219 silly audit   '@babel/plugin-transform-typeof-symbol': [ '7.22.5' ],
219 silly audit   '@babel/plugin-transform-typescript': [ '7.22.5' ],
219 silly audit   '@babel/plugin-transform-unicode-escapes': [ '7.22.5' ],
219 silly audit   '@babel/plugin-transform-unicode-property-regex': [ '7.22.5' ],
219 silly audit   '@babel/plugin-transform-unicode-regex': [ '7.22.5' ],
219 silly audit   '@babel/plugin-transform-unicode-sets-regex': [ '7.22.5' ],
219 silly audit   '@babel/preset-env': [ '7.22.7' ],
219 silly audit   '@babel/preset-modules': [ '0.1.5' ],
219 silly audit   '@babel/preset-react': [ '7.22.5' ],
219 silly audit   '@babel/preset-typescript': [ '7.22.5' ],
219 silly audit   '@babel/regjsgen': [ '0.8.0' ],
219 silly audit   '@babel/runtime': [ '7.22.6' ],
219 silly audit   '@babel/template': [ '7.22.5' ],
219 silly audit   '@babel/traverse': [ '7.22.8' ],
219 silly audit   '@babel/types': [ '7.22.5' ],
219 silly audit   '@bcoe/v8-coverage': [ '0.2.3' ],
219 silly audit   '@csstools/normalize.css': [ '12.0.0' ],
219 silly audit   '@csstools/postcss-cascade-layers': [ '1.1.1' ],
219 silly audit   '@csstools/postcss-color-function': [ '1.1.1' ],
219 silly audit   '@csstools/postcss-font-format-keywords': [ '1.0.1' ],
219 silly audit   '@csstools/postcss-hwb-function': [ '1.0.2' ],
219 silly audit   '@csstools/postcss-ic-unit': [ '1.0.1' ],
219 silly audit   '@csstools/postcss-is-pseudo-class': [ '2.0.7' ],
219 silly audit   '@csstools/postcss-nested-calc': [ '1.0.0' ],
219 silly audit   '@csstools/postcss-normalize-display-values': [ '1.0.1' ],
219 silly audit   '@csstools/postcss-oklab-function': [ '1.1.1' ],
219 silly audit   '@csstools/postcss-progressive-custom-properties': [ '1.3.0' ],
219 silly audit   '@csstools/postcss-stepped-value-functions': [ '1.0.1' ],
219 silly audit   '@csstools/postcss-text-decoration-shorthand': [ '1.0.0' ],
219 silly audit   '@csstools/postcss-trigonometric-functions': [ '1.0.2' ],
219 silly audit   '@csstools/postcss-unset-value': [ '1.0.2' ],
219 silly audit   '@csstools/selector-specificity': [ '2.2.0' ],
219 silly audit   '@eslint-community/eslint-utils': [ '4.4.0' ],
219 silly audit   '@eslint-community/regexpp': [ '4.5.1' ],
219 silly audit   '@eslint/eslintrc': [ '2.1.0' ],
219 silly audit   argparse: [ '2.0.1', '1.0.10' ],
219 silly audit   globals: [ '13.20.0', '11.12.0' ],
219 silly audit   'js-yaml': [ '4.1.0', '3.14.1' ],
219 silly audit   'type-fest': [ '0.20.2', '0.16.0', '0.21.3' ],
219 silly audit   '@eslint/js': [ '8.44.0' ],
219 silly audit   '@humanwhocodes/config-array': [ '0.11.10' ],
219 silly audit   '@humanwhocodes/module-importer': [ '1.0.1' ],
219 silly audit   '@humanwhocodes/object-schema': [ '1.2.1' ],
219 silly audit   '@istanbuljs/load-nyc-config': [ '1.1.0' ],
219 silly audit   camelcase: [ '5.3.1', '6.3.0' ],
219 silly audit   'find-up': [ '4.1.0', '5.0.0', '3.0.0' ],
219 silly audit   'locate-path': [ '5.0.0', '6.0.0', '3.0.0' ],
219 silly audit   'p-limit': [ '2.3.0', '3.1.0' ],
219 silly audit   'p-locate': [ '4.1.0', '5.0.0', '3.0.0' ],
219 silly audit   '@istanbuljs/schema': [ '0.1.3' ],
219 silly audit   '@jest/console': [ '27.5.1', '28.1.3' ],
219 silly audit   'ansi-styles': [ '4.3.0', '5.2.0', '3.2.1', '6.2.1' ],
219 silly audit   chalk: [ '4.1.2', '3.0.0', '2.4.2', '5.2.0' ],
219 silly audit   'color-convert': [ '2.0.1', '1.9.3' ],
219 silly audit   'color-name': [ '1.1.4', '1.1.3' ],
219 silly audit   'has-flag': [ '4.0.0', '3.0.0' ],
219 silly audit   'supports-color': [ '7.2.0', '8.1.1', '5.5.0' ],
219 silly audit   '@jest/core': [ '27.5.1' ],
219 silly audit   '@jest/environment': [ '27.5.1' ],
219 silly audit   '@jest/expect-utils': [ '29.6.1' ],
219 silly audit   'jest-get-type': [ '29.4.3', '27.5.1' ],
219 silly audit   '@jest/fake-timers': [ '27.5.1' ],
219 silly audit   '@jest/globals': [ '27.5.1' ],
219 silly audit   '@jest/reporters': [ '27.5.1' ],
219 silly audit   'source-map': [ '0.6.1', '0.7.4', '0.8.0-beta.0' ],
219 silly audit   '@jest/schemas': [ '28.1.3', '29.6.0' ],
219 silly audit   '@jest/source-map': [ '27.5.1' ],
219 silly audit   '@jest/test-result': [ '27.5.1', '28.1.3' ],
219 silly audit   '@jest/test-sequencer': [ '27.5.1' ],
219 silly audit   '@jest/transform': [ '27.5.1' ],
219 silly audit   '@jest/types': [ '27.5.1', '29.6.1', '28.1.3' ],
219 silly audit   '@jridgewell/gen-mapping': [ '0.3.3' ],
219 silly audit   '@jridgewell/resolve-uri': [ '3.1.0' ],
219 silly audit   '@jridgewell/set-array': [ '1.1.2' ],
219 silly audit   '@jridgewell/source-map': [ '0.3.5' ],
219 silly audit   '@jridgewell/sourcemap-codec': [ '1.4.15', '1.4.14' ],
219 silly audit   '@jridgewell/trace-mapping': [ '0.3.18' ],
219 silly audit   '@leichtgewicht/ip-codec': [ '2.0.4' ],
219 silly audit   '@nicolo-ribaudo/eslint-scope-5-internals': [ '5.1.1-v1' ],
219 silly audit   'eslint-scope': [ '5.1.1', '7.2.0' ],
219 silly audit   estraverse: [ '4.3.0', '5.3.0' ],
219 silly audit   '@nicolo-ribaudo/semver-v6': [ '6.3.3' ],
219 silly audit   '@nodelib/fs.scandir': [ '2.1.5' ],
219 silly audit   '@nodelib/fs.stat': [ '2.0.5' ],
219 silly audit   '@nodelib/fs.walk': [ '1.2.8' ],
219 silly audit   '@pmmmwh/react-refresh-webpack-plugin': [ '0.5.10' ],
219 silly audit   '@rollup/plugin-babel': [ '5.3.1' ],
219 silly audit   '@rollup/plugin-node-resolve': [ '11.2.1' ],
219 silly audit   '@rollup/plugin-replace': [ '2.4.2' ],
219 silly audit   '@rollup/pluginutils': [ '3.1.0' ],
219 silly audit   '@types/estree': [ '0.0.39', '1.0.1' ],
219 silly audit   '@rushstack/eslint-patch': [ '1.3.2' ],
219 silly audit   '@sinclair/typebox': [ '0.24.51', '0.27.8' ],
219 silly audit   '@sinonjs/commons': [ '1.8.6' ],
219 silly audit   '@sinonjs/fake-timers': [ '8.1.0' ],
219 silly audit   '@surma/rollup-plugin-off-main-thread': [ '2.2.3' ],
219 silly audit   '@svgr/babel-plugin-add-jsx-attribute': [ '5.4.0' ],
219 silly audit   '@svgr/babel-plugin-remove-jsx-attribute': [ '5.4.0' ],
219 silly audit   '@svgr/babel-plugin-remove-jsx-empty-expression': [ '5.0.1' ],
219 silly audit   '@svgr/babel-plugin-replace-jsx-attribute-value': [ '5.0.1' ],
219 silly audit   '@svgr/babel-plugin-svg-dynamic-title': [ '5.4.0' ],
219 silly audit   '@svgr/babel-plugin-svg-em-dimensions': [ '5.4.0' ],
219 silly audit   '@svgr/babel-plugin-transform-react-native-svg': [ '5.4.0' ],
219 silly audit   '@svgr/babel-plugin-transform-svg-component': [ '5.5.0' ],
219 silly audit   '@svgr/babel-preset': [ '5.5.0' ],
219 silly audit   '@svgr/core': [ '5.5.0' ],
219 silly audit   '@svgr/hast-util-to-babel-ast': [ '5.5.0' ],
219 silly audit   '@svgr/plugin-jsx': [ '5.5.0' ],
219 silly audit   '@svgr/plugin-svgo': [ '5.5.0' ],
219 silly audit   '@svgr/webpack': [ '5.5.0' ],
219 silly audit   '@testing-library/dom': [ '9.3.1', '8.20.1' ],
219 silly audit   'aria-query': [ '5.1.3', '5.3.0' ],
219 silly audit   '@testing-library/jest-dom': [ '5.16.5' ],
219 silly audit   '@testing-library/react': [ '13.4.0' ],
219 silly audit   '@testing-library/user-event': [ '13.5.0' ],
219 silly audit   '@tootallnate/once': [ '1.1.2' ],
219 silly audit   '@trysound/sax': [ '0.2.0' ],
219 silly audit   '@types/aria-query': [ '5.0.1' ],
219 silly audit   '@types/babel__core': [ '7.20.1' ],
219 silly audit   '@types/babel__generator': [ '7.6.4' ],
219 silly audit   '@types/babel__template': [ '7.4.1' ],
219 silly audit   '@types/babel__traverse': [ '7.20.1' ],
219 silly audit   '@types/body-parser': [ '1.19.2' ],
219 silly audit   '@types/bonjour': [ '3.5.10' ],
219 silly audit   '@types/connect': [ '3.4.35' ],
219 silly audit   '@types/connect-history-api-fallback': [ '1.5.0' ],
219 silly audit   '@types/eslint': [ '8.44.0' ],
219 silly audit   '@types/eslint-scope': [ '3.7.4' ],
219 silly audit   '@types/express': [ '4.17.17' ],
219 silly audit   '@types/express-serve-static-core': [ '4.17.35' ],
219 silly audit   '@types/graceful-fs': [ '4.1.6' ],
219 silly audit   '@types/html-minifier-terser': [ '6.1.0' ],
219 silly audit   '@types/http-errors': [ '2.0.1' ],
219 silly audit   '@types/http-proxy': [ '1.17.11' ],
219 silly audit   '@types/istanbul-lib-coverage': [ '2.0.4' ],
219 silly audit   '@types/istanbul-lib-report': [ '3.0.0' ],
219 silly audit   '@types/istanbul-reports': [ '3.0.1' ],
219 silly audit   '@types/jest': [ '29.5.3' ],
219 silly audit   '@types/yargs': [ '17.0.24', '16.0.5' ],
219 silly audit   'diff-sequences': [ '29.4.3', '27.5.1' ],
219 silly audit   expect: [ '29.6.1', '27.5.1' ],
219 silly audit   'jest-diff': [ '29.6.1', '27.5.1' ],
219 silly audit   'jest-matcher-utils': [ '29.6.1', '27.5.1' ],
219 silly audit   'jest-message-util': [ '29.6.1', '27.5.1', '28.1.3' ],
219 silly audit   'jest-util': [ '29.6.1', '27.5.1', '28.1.3' ],
219 silly audit   'pretty-format': [ '29.6.1', '28.1.3', '27.5.1' ],
219 silly audit   'react-is': [ '18.2.0', '16.13.1', '17.0.2' ],
219 silly audit   '@types/json-schema': [ '7.0.12' ],
219 silly audit   '@types/json5': [ '0.0.29' ],
219 silly audit   '@types/mime': [ '1.3.2' ],
219 silly audit   '@types/node': [ '20.4.1' ],
219 silly audit   '@types/parse-json': [ '4.0.0' ],
219 silly audit   '@types/prettier': [ '2.7.3' ],
219 silly audit   '@types/prop-types': [ '15.7.5' ],
219 silly audit   '@types/q': [ '1.5.5' ],
219 silly audit   '@types/qs': [ '6.9.7' ],
219 silly audit   '@types/range-parser': [ '1.2.4' ],
219 silly audit   '@types/react': [ '18.2.14' ],
219 silly audit   '@types/react-dom': [ '18.2.6' ],
219 silly audit   '@types/resolve': [ '1.17.1' ],
219 silly audit   '@types/retry': [ '0.12.0' ],
219 silly audit   '@types/scheduler': [ '0.16.3' ],
219 silly audit   '@types/semver': [ '7.5.0' ],
219 silly audit   '@types/send': [ '0.17.1' ],
219 silly audit   '@types/serve-index': [ '1.9.1' ],
219 silly audit   '@types/serve-static': [ '1.15.2' ],
219 silly audit   '@types/sockjs': [ '0.3.33' ],
219 silly audit   '@types/stack-utils': [ '2.0.1' ],
219 silly audit   '@types/testing-library__jest-dom': [ '5.14.7' ],
219 silly audit   '@types/trusted-types': [ '2.0.3' ],
219 silly audit   '@types/ws': [ '8.5.5' ],
219 silly audit   '@types/yargs-parser': [ '21.0.0' ],
219 silly audit   '@typescript-eslint/eslint-plugin': [ '5.62.0' ],
219 silly audit   '@typescript-eslint/experimental-utils': [ '5.62.0' ],
219 silly audit   '@typescript-eslint/parser': [ '5.62.0' ],
219 silly audit   '@typescript-eslint/scope-manager': [ '5.62.0' ],
219 silly audit   '@typescript-eslint/type-utils': [ '5.62.0' ],
219 silly audit   '@typescript-eslint/types': [ '5.62.0' ],
219 silly audit   '@typescript-eslint/typescript-estree': [ '5.62.0' ],
219 silly audit   '@typescript-eslint/utils': [ '5.62.0' ],
219 silly audit   '@typescript-eslint/visitor-keys': [ '5.62.0' ],
219 silly audit   '@webassemblyjs/ast': [ '1.11.6' ],
219 silly audit   '@webassemblyjs/floating-point-hex-parser': [ '1.11.6' ],
219 silly audit   '@webassemblyjs/helper-api-error': [ '1.11.6' ],
219 silly audit   '@webassemblyjs/helper-buffer': [ '1.11.6' ],
219 silly audit   '@webassemblyjs/helper-numbers': [ '1.11.6' ],
219 silly audit   '@webassemblyjs/helper-wasm-bytecode': [ '1.11.6' ],
219 silly audit   '@webassemblyjs/helper-wasm-section': [ '1.11.6' ],
219 silly audit   '@webassemblyjs/ieee754': [ '1.11.6' ],
219 silly audit   '@webassemblyjs/leb128': [ '1.11.6' ],
219 silly audit   '@webassemblyjs/utf8': [ '1.11.6' ],
219 silly audit   '@webassemblyjs/wasm-edit': [ '1.11.6' ],
219 silly audit   '@webassemblyjs/wasm-gen': [ '1.11.6' ],
219 silly audit   '@webassemblyjs/wasm-opt': [ '1.11.6' ],
219 silly audit   '@webassemblyjs/wasm-parser': [ '1.11.6' ],
219 silly audit   '@webassemblyjs/wast-printer': [ '1.11.6' ],
219 silly audit   '@xtuc/ieee754': [ '1.2.0' ],
219 silly audit   '@xtuc/long': [ '4.2.2' ],
219 silly audit   abab: [ '2.0.6' ],
219 silly audit   accepts: [ '1.3.8' ],
219 silly audit   acorn: [ '8.10.0', '7.4.1' ],
219 silly audit   'acorn-globals': [ '6.0.0' ],
219 silly audit   'acorn-import-assertions': [ '1.9.0' ],
219 silly audit   'acorn-jsx': [ '5.3.2' ],
219 silly audit   'acorn-walk': [ '7.2.0' ],
219 silly audit   address: [ '1.2.2' ],
219 silly audit   'adjust-sourcemap-loader': [ '4.0.0' ],
219 silly audit   'agent-base': [ '6.0.2' ],
219 silly audit   ajv: [ '6.12.6', '8.12.0' ],
219 silly audit   'ajv-formats': [ '2.1.1' ],
219 silly audit   'json-schema-traverse': [ '1.0.0', '0.4.1' ],
219 silly audit   'ajv-keywords': [ '3.5.2', '5.1.0' ],
219 silly audit   'ansi-escapes': [ '4.3.2' ],
219 silly audit   'ansi-html-community': [ '0.0.8' ],
219 silly audit   'ansi-regex': [ '5.0.1', '6.0.1' ],
219 silly audit   'any-promise': [ '1.3.0' ],
219 silly audit   anymatch: [ '3.1.3' ],
219 silly audit   arg: [ '5.0.2' ],
219 silly audit   'array-buffer-byte-length': [ '1.0.0' ],
219 silly audit   'array-flatten': [ '2.1.2', '1.1.1' ],
219 silly audit   'array-includes': [ '3.1.6' ],
219 silly audit   'array-union': [ '2.1.0' ],
219 silly audit   'array.prototype.flat': [ '1.3.1' ],
219 silly audit   'array.prototype.flatmap': [ '1.3.1' ],
219 silly audit   'array.prototype.reduce': [ '1.0.5' ],
219 silly audit   'array.prototype.tosorted': [ '1.1.1' ],
219 silly audit   asap: [ '2.0.6' ],
219 silly audit   'ast-types-flow': [ '0.0.7' ],
219 silly audit   async: [ '3.2.4' ],
219 silly audit   asynckit: [ '0.4.0' ],
219 silly audit   'at-least-node': [ '1.0.0' ],
219 silly audit   autoprefixer: [ '10.4.14' ],
219 silly audit   'available-typed-arrays': [ '1.0.5' ],
219 silly audit   'axe-core': [ '4.7.2' ],
219 silly audit   'axobject-query': [ '3.2.1' ],
219 silly audit   'babel-jest': [ '27.5.1' ],
219 silly audit   'babel-loader': [ '8.3.0' ],
219 silly audit   'schema-utils': [ '2.7.1', '4.2.0', '2.7.0', '3.3.0' ],
219 silly audit   'babel-plugin-istanbul': [ '6.1.1' ],
219 silly audit   'babel-plugin-jest-hoist': [ '27.5.1' ],
219 silly audit   'babel-plugin-macros': [ '3.1.0' ],
219 silly audit   'babel-plugin-named-asset-import': [ '0.3.8' ],
219 silly audit   'babel-plugin-polyfill-corejs2': [ '0.4.4' ],
219 silly audit   'babel-plugin-polyfill-corejs3': [ '0.8.2' ],
219 silly audit   'babel-plugin-polyfill-regenerator': [ '0.5.1' ],
219 silly audit   'babel-plugin-transform-react-remove-prop-types': [ '0.4.24' ],
219 silly audit   'babel-preset-current-node-syntax': [ '1.0.1' ],
219 silly audit   'babel-preset-jest': [ '27.5.1' ],
219 silly audit   'babel-preset-react-app': [ '10.0.1' ],
219 silly audit   'balanced-match': [ '1.0.2' ],
219 silly audit   batch: [ '0.6.1' ],
219 silly audit   bfj: [ '7.0.2' ],
219 silly audit   'big.js': [ '5.2.2' ],
219 silly audit   'binary-extensions': [ '2.2.0' ],
219 silly audit   bluebird: [ '3.7.2' ],
219 silly audit   'body-parser': [ '1.20.1' ],
219 silly audit   bytes: [ '3.1.2', '3.0.0' ],
219 silly audit   debug: [ '2.6.9', '4.3.4', '3.2.7' ],
219 silly audit   'iconv-lite': [ '0.4.24', '0.6.3' ],
219 silly audit   ms: [ '2.0.0', '2.1.2', '2.1.3' ],
219 silly audit   'bonjour-service': [ '1.1.1' ],
219 silly audit   boolbase: [ '1.0.0' ],
219 silly audit   'brace-expansion': [ '1.1.11', '2.0.1' ],
219 silly audit   braces: [ '3.0.2' ],
219 silly audit   'browser-process-hrtime': [ '1.0.0' ],
219 silly audit   browserslist: [ '4.21.9' ],
219 silly audit   bser: [ '2.1.1' ],
219 silly audit   'buffer-from': [ '1.1.2' ],
219 silly audit   'builtin-modules': [ '3.3.0' ],
219 silly audit   'call-bind': [ '1.0.2' ],
219 silly audit   callsites: [ '3.1.0' ],
219 silly audit   'camel-case': [ '4.1.2' ],
219 silly audit   'camelcase-css': [ '2.0.1' ],
219 silly audit   'caniuse-api': [ '3.0.0' ],
219 silly audit   'caniuse-lite': [ '1.0.30001515' ],
219 silly audit   'case-sensitive-paths-webpack-plugin': [ '2.4.0' ],
219 silly audit   'char-regex': [ '1.0.2', '2.0.1' ],
219 silly audit   'check-types': [ '11.2.2' ],
219 silly audit   chokidar: [ '3.5.3' ],
219 silly audit   'glob-parent': [ '5.1.2', '6.0.2' ],
219 silly audit   'chrome-trace-event': [ '1.0.3' ],
219 silly audit   'ci-info': [ '3.8.0' ],
219 silly audit   'cjs-module-lexer': [ '1.2.3' ],
219 silly audit   'clean-css': [ '5.3.2' ],
219 silly audit   cliui: [ '7.0.4' ],
219 silly audit   co: [ '4.6.0' ],
219 silly audit   coa: [ '2.0.2' ],
219 silly audit   'collect-v8-coverage': [ '1.0.2' ],
219 silly audit   colord: [ '2.9.3' ],
219 silly audit   colorette: [ '2.0.20' ],
219 silly audit   'combined-stream': [ '1.0.8' ],
219 silly audit   commander: [ '8.3.0', '7.2.0', '4.1.1', '2.20.3', '10.0.1' ],
219 silly audit   'common-path-prefix': [ '3.0.0' ],
219 silly audit   'common-tags': [ '1.8.2' ],
219 silly audit   commondir: [ '1.0.1' ],
219 silly audit   compressible: [ '2.0.18' ],
219 silly audit   compression: [ '1.7.4' ],
219 silly audit   'safe-buffer': [ '5.1.2', '5.2.1' ],
219 silly audit   'concat-map': [ '0.0.1' ],
219 silly audit   'confusing-browser-globals': [ '1.0.11' ],
219 silly audit   'connect-history-api-fallback': [ '2.0.0' ],
219 silly audit   'content-disposition': [ '0.5.4' ],
219 silly audit   'content-type': [ '1.0.5' ],
219 silly audit   'convert-source-map': [ '1.9.0' ],
219 silly audit   cookie: [ '0.5.0' ],
219 silly audit   'cookie-signature': [ '1.0.6' ],
219 silly audit   'core-js': [ '3.31.1' ],
219 silly audit   'core-js-compat': [ '3.31.1' ],
219 silly audit   'core-js-pure': [ '3.31.1' ],
219 silly audit   'core-util-is': [ '1.0.3' ],
219 silly audit   cosmiconfig: [ '7.1.0', '6.0.0' ],
219 silly audit   'cross-spawn': [ '7.0.3' ],
219 silly audit   'crypto-random-string': [ '2.0.0' ],
219 silly audit   'css-blank-pseudo': [ '3.0.3' ],
219 silly audit   'css-declaration-sorter': [ '6.4.1' ],
219 silly audit   'css-has-pseudo': [ '3.0.4' ],
219 silly audit   'css-loader': [ '6.8.1' ],
219 silly audit   'css-minimizer-webpack-plugin': [ '3.4.1' ],
219 silly audit   'css-prefers-color-scheme': [ '6.0.3' ],
219 silly audit   'css-select': [ '4.3.0', '2.1.0' ],
219 silly audit   'css-select-base-adapter': [ '0.1.1' ],
219 silly audit   'css-tree': [ '1.0.0-alpha.37', '1.1.3' ],
219 silly audit   'css-what': [ '6.1.0', '3.4.2' ],
219 silly audit   'css.escape': [ '1.5.1' ],
219 silly audit   cssdb: [ '7.6.0' ],
219 silly audit   cssesc: [ '3.0.0' ],
219 silly audit   cssnano: [ '5.1.15' ],
219 silly audit   'cssnano-preset-default': [ '5.2.14' ],
219 silly audit   'cssnano-utils': [ '3.1.0' ],
219 silly audit   csso: [ '4.2.0' ],
219 silly audit   'mdn-data': [ '2.0.14', '2.0.4' ],
219 silly audit   cssom: [ '0.4.4', '0.3.8' ],
219 silly audit   cssstyle: [ '2.3.0' ],
219 silly audit   csstype: [ '3.1.2' ],
219 silly audit   'damerau-levenshtein': [ '1.0.8' ],
219 silly audit   'data-urls': [ '2.0.0' ],
219 silly audit   'decimal.js': [ '10.4.3' ],
219 silly audit   dedent: [ '0.7.0' ],
219 silly audit   'deep-equal': [ '2.2.2' ],
219 silly audit   'deep-is': [ '0.1.4' ],
219 silly audit   deepmerge: [ '4.3.1' ],
219 silly audit   'default-gateway': [ '6.0.3' ],
219 silly audit   'define-lazy-prop': [ '2.0.0' ],
219 silly audit   'define-properties': [ '1.2.0' ],
219 silly audit   'delayed-stream': [ '1.0.0' ],
219 silly audit   depd: [ '2.0.0', '1.1.2' ],
219 silly audit   dequal: [ '2.0.3' ],
219 silly audit   destroy: [ '1.2.0' ],
219 silly audit   'detect-newline': [ '3.1.0' ],
219 silly audit   'detect-node': [ '2.1.0' ],
219 silly audit   'detect-port-alt': [ '1.1.6' ],
219 silly audit   didyoumean: [ '1.2.2' ],
219 silly audit   'dir-glob': [ '3.0.1' ],
219 silly audit   dlv: [ '1.1.3' ],
219 silly audit   'dns-equal': [ '1.0.0' ],
219 silly audit   'dns-packet': [ '5.6.0' ],
219 silly audit   doctrine: [ '3.0.0', '2.1.0' ],
219 silly audit   'dom-accessibility-api': [ '0.5.16' ],
219 silly audit   'dom-converter': [ '0.2.0' ],
219 silly audit   'dom-serializer': [ '1.4.1', '0.2.2' ],
219 silly audit   domelementtype: [ '2.3.0', '1.3.1' ],
219 silly audit   domexception: [ '2.0.1' ],
219 silly audit   'webidl-conversions': [ '5.0.0', '6.1.0', '4.0.2' ],
219 silly audit   domhandler: [ '4.3.1' ],
219 silly audit   domutils: [ '2.8.0', '1.7.0' ],
219 silly audit   'dot-case': [ '3.0.4' ],
219 silly audit   dotenv: [ '10.0.0' ],
219 silly audit   'dotenv-expand': [ '5.1.0' ],
219 silly audit   duplexer: [ '0.1.2' ],
219 silly audit   'ee-first': [ '1.1.1' ],
219 silly audit   ejs: [ '3.1.9' ],
219 silly audit   'electron-to-chromium': [ '1.4.455' ],
219 silly audit   emittery: [ '0.8.1', '0.10.2' ],
219 silly audit   'emoji-regex': [ '9.2.2', '8.0.0' ],
219 silly audit   'emojis-list': [ '3.0.0' ],
219 silly audit   encodeurl: [ '1.0.2' ],
219 silly audit   'enhanced-resolve': [ '5.15.0' ],
219 silly audit   entities: [ '2.2.0' ],
219 silly audit   'error-ex': [ '1.3.2' ],
219 silly audit   'error-stack-parser': [ '2.1.4' ],
219 silly audit   'es-abstract': [ '1.21.2' ],
219 silly audit   'es-array-method-boxes-properly': [ '1.0.0' ],
219 silly audit   'es-get-iterator': [ '1.1.3' ],
219 silly audit   'es-module-lexer': [ '1.3.0' ],
219 silly audit   'es-set-tostringtag': [ '2.0.1' ],
219 silly audit   'es-shim-unscopables': [ '1.0.0' ],
219 silly audit   'es-to-primitive': [ '1.2.1' ],
219 silly audit   escalade: [ '3.1.1' ],
219 silly audit   'escape-html': [ '1.0.3' ],
219 silly audit   'escape-string-regexp': [ '1.0.5', '4.0.0', '2.0.0' ],
219 silly audit   escodegen: [ '2.1.0' ],
219 silly audit   eslint: [ '8.44.0' ],
219 silly audit   'eslint-config-react-app': [ '7.0.1' ],
219 silly audit   'eslint-import-resolver-node': [ '0.3.7' ],
219 silly audit   'eslint-module-utils': [ '2.8.0' ],
219 silly audit   'eslint-plugin-flowtype': [ '8.0.3' ],
219 silly audit   'eslint-plugin-import': [ '2.27.5' ],
219 silly audit   semver: [ '6.3.1', '7.5.4' ],
219 silly audit   'eslint-plugin-jest': [ '25.7.0' ],
219 silly audit   'eslint-plugin-jsx-a11y': [ '6.7.1' ],
219 silly audit   'eslint-plugin-react': [ '7.32.2' ],
219 silly audit   'eslint-plugin-react-hooks': [ '4.6.0' ],
219 silly audit   resolve: [ '2.0.0-next.4', '1.22.2' ],
219 silly audit   'eslint-plugin-testing-library': [ '5.11.0' ],
219 silly audit   'eslint-webpack-plugin': [ '3.2.0' ],
219 silly audit   'jest-worker': [ '28.1.3', '27.5.1', '26.6.2' ],
219 silly audit   espree: [ '9.6.0' ],
219 silly audit   esprima: [ '4.0.1' ],
219 silly audit   esquery: [ '1.5.0' ],
219 silly audit   esrecurse: [ '4.3.0' ],
219 silly audit   'estree-walker': [ '1.0.1' ],
219 silly audit   esutils: [ '2.0.3' ],
219 silly audit   etag: [ '1.8.1' ],
219 silly audit   eventemitter3: [ '4.0.7' ],
219 silly audit   events: [ '3.3.0' ],
219 silly audit   execa: [ '5.1.1', '7.1.1' ],
219 silly audit   exit: [ '0.1.2' ],
219 silly audit   express: [ '4.18.2' ],
219 silly audit   'fast-deep-equal': [ '3.1.3' ],
219 silly audit   'fast-glob': [ '3.3.0' ],
219 silly audit   'fast-json-stable-stringify': [ '2.1.0' ],
219 silly audit   'fast-levenshtein': [ '2.0.6' ],
219 silly audit   fastq: [ '1.15.0' ],
219 silly audit   'faye-websocket': [ '0.11.4' ],
219 silly audit   'fb-watchman': [ '2.0.2' ],
219 silly audit   'file-entry-cache': [ '6.0.1' ],
219 silly audit   'file-loader': [ '6.2.0' ],
219 silly audit   filelist: [ '1.0.4' ],
219 silly audit   minimatch: [ '5.1.6', '3.1.2' ],
219 silly audit   filesize: [ '8.0.7' ],
219 silly audit   'fill-range': [ '7.0.1' ],
219 silly audit   finalhandler: [ '1.2.0' ],
219 silly audit   'find-cache-dir': [ '3.3.2' ],
219 silly audit   'flat-cache': [ '3.0.4' ],
219 silly audit   flatted: [ '3.2.7' ],
219 silly audit   'follow-redirects': [ '1.15.2' ],
219 silly audit   'for-each': [ '0.3.3' ],
219 silly audit   'fork-ts-checker-webpack-plugin': [ '6.5.3' ],
219 silly audit   'fs-extra': [ '9.1.0', '10.1.0' ],
219 silly audit   tapable: [ '1.1.3', '2.2.1' ],
219 silly audit   'form-data': [ '3.0.1' ],
219 silly audit   forwarded: [ '0.2.0' ],
219 silly audit   'fraction.js': [ '4.2.0' ],
219 silly audit   fresh: [ '0.5.2' ],
219 silly audit   'fs-monkey': [ '1.0.4' ],
219 silly audit   'fs.realpath': [ '1.0.0' ],
219 silly audit   fsevents: [ '2.3.2' ],
219 silly audit   'function-bind': [ '1.1.1' ],
219 silly audit   'function.prototype.name': [ '1.1.5' ],
219 silly audit   'functions-have-names': [ '1.2.3' ],
219 silly audit   gensync: [ '1.0.0-beta.2' ],
219 silly audit   'get-caller-file': [ '2.0.5' ],
219 silly audit   'get-intrinsic': [ '1.2.1' ],
219 silly audit   'get-own-enumerable-property-symbols': [ '3.0.2' ],
219 silly audit   'get-package-type': [ '0.1.0' ],
219 silly audit   'get-stream': [ '6.0.1' ],
219 silly audit   'get-symbol-description': [ '1.0.0' ],
219 silly audit   glob: [ '7.2.3', '7.1.6' ],
219 silly audit   'glob-to-regexp': [ '0.4.1' ],
219 silly audit   'global-modules': [ '2.0.0' ],
219 silly audit   'global-prefix': [ '3.0.0' ],
219 silly audit   which: [ '1.3.1', '2.0.2' ],
219 silly audit   globalthis: [ '1.0.3' ],
219 silly audit   globby: [ '11.1.0' ],
219 silly audit   gopd: [ '1.0.1' ],
219 silly audit   'graceful-fs': [ '4.2.11' ],
219 silly audit   graphemer: [ '1.4.0' ],
219 silly audit   'gzip-size': [ '6.0.0' ],
219 silly audit   'handle-thing': [ '2.0.1' ],
219 silly audit   'harmony-reflect': [ '1.6.2' ],
219 silly audit   has: [ '1.0.3' ],
219 silly audit   'has-bigints': [ '1.0.2' ],
219 silly audit   'has-property-descriptors': [ '1.0.0' ],
219 silly audit   'has-proto': [ '1.0.1' ],
219 silly audit   'has-symbols': [ '1.0.3' ],
219 silly audit   'has-tostringtag': [ '1.0.0' ],
219 silly audit   he: [ '1.2.0' ],
219 silly audit   hoopy: [ '0.1.4' ],
219 silly audit   'hpack.js': [ '2.1.6' ],
219 silly audit   isarray: [ '1.0.0', '2.0.5' ],
219 silly audit   'readable-stream': [ '2.3.8', '3.6.2' ],
219 silly audit   string_decoder: [ '1.1.1', '1.3.0' ],
219 silly audit   'html-encoding-sniffer': [ '2.0.1' ],
219 silly audit   'html-entities': [ '2.4.0' ],
219 silly audit   'html-escaper': [ '2.0.2' ],
219 silly audit   'html-minifier-terser': [ '6.1.0' ],
219 silly audit   'html-webpack-plugin': [ '5.5.3' ],
219 silly audit   htmlparser2: [ '6.1.0' ],
219 silly audit   'http-deceiver': [ '1.2.7' ],
219 silly audit   'http-errors': [ '2.0.0', '1.6.3' ],
219 silly audit   'http-parser-js': [ '0.5.8' ],
219 silly audit   'http-proxy': [ '1.18.1' ],
219 silly audit   'http-proxy-agent': [ '4.0.1' ],
219 silly audit   'http-proxy-middleware': [ '2.0.6' ],
219 silly audit   'https-proxy-agent': [ '5.0.1' ],
219 silly audit   'human-signals': [ '2.1.0', '4.3.1' ],
219 silly audit   'icss-utils': [ '5.1.0' ],
219 silly audit   idb: [ '7.1.1' ],
219 silly audit   'identity-obj-proxy': [ '3.0.0' ],
219 silly audit   ignore: [ '5.2.4' ],
219 silly audit   immer: [ '9.0.21' ],
219 silly audit   'import-fresh': [ '3.3.0' ],
219 silly audit   'resolve-from': [ '4.0.0', '5.0.0' ],
219 silly audit   'import-local': [ '3.1.0' ],
219 silly audit   imurmurhash: [ '0.1.4' ],
219 silly audit   'indent-string': [ '4.0.0' ],
219 silly audit   inflight: [ '1.0.6' ],
219 silly audit   inherits: [ '2.0.4', '2.0.3' ],
219 silly audit   ini: [ '1.3.8' ],
219 silly audit   'internal-slot': [ '1.0.5' ],
219 silly audit   'ipaddr.js': [ '2.1.0', '1.9.1' ],
219 silly audit   'is-arguments': [ '1.1.1' ],
219 silly audit   'is-array-buffer': [ '3.0.2' ],
219 silly audit   'is-arrayish': [ '0.2.1' ],
219 silly audit   'is-bigint': [ '1.0.4' ],
219 silly audit   'is-binary-path': [ '2.1.0' ],
219 silly audit   'is-boolean-object': [ '1.1.2' ],
219 silly audit   'is-callable': [ '1.2.7' ],
219 silly audit   'is-core-module': [ '2.12.1' ],
219 silly audit   'is-date-object': [ '1.0.5' ],
219 silly audit   'is-docker': [ '2.2.1' ],
219 silly audit   'is-extglob': [ '2.1.1' ],
219 silly audit   'is-fullwidth-code-point': [ '3.0.0', '4.0.0' ],
219 silly audit   'is-generator-fn': [ '2.1.0' ],
219 silly audit   'is-glob': [ '4.0.3' ],
219 silly audit   'is-map': [ '2.0.2' ],
219 silly audit   'is-module': [ '1.0.0' ],
219 silly audit   'is-negative-zero': [ '2.0.2' ],
219 silly audit   'is-number': [ '7.0.0' ],
219 silly audit   'is-number-object': [ '1.0.7' ],
219 silly audit   'is-obj': [ '1.0.1' ],
219 silly audit   'is-path-inside': [ '3.0.3' ],
219 silly audit   'is-plain-obj': [ '3.0.0' ],
219 silly audit   'is-potential-custom-element-name': [ '1.0.1' ],
219 silly audit   'is-regex': [ '1.1.4' ],
219 silly audit   'is-regexp': [ '1.0.0' ],
219 silly audit   'is-root': [ '2.1.0' ],
219 silly audit   'is-set': [ '2.0.2' ],
219 silly audit   'is-shared-array-buffer': [ '1.0.2' ],
219 silly audit   'is-stream': [ '2.0.1', '3.0.0' ],
219 silly audit   'is-string': [ '1.0.7' ],
219 silly audit   'is-symbol': [ '1.0.4' ],
219 silly audit   'is-typed-array': [ '1.1.10' ],
219 silly audit   'is-typedarray': [ '1.0.0' ],
219 silly audit   'is-weakmap': [ '2.0.1' ],
219 silly audit   'is-weakref': [ '1.0.2' ],
219 silly audit   'is-weakset': [ '2.0.2' ],
219 silly audit   'is-wsl': [ '2.2.0' ],
219 silly audit   isexe: [ '2.0.0' ],
219 silly audit   'istanbul-lib-coverage': [ '3.2.0' ],
219 silly audit   'istanbul-lib-instrument': [ '5.2.1' ],
219 silly audit   'istanbul-lib-report': [ '3.0.0' ],
219 silly audit   'istanbul-lib-source-maps': [ '4.0.1' ],
219 silly audit   'istanbul-reports': [ '3.1.5' ],
219 silly audit   jake: [ '10.8.7' ],
219 silly audit   jest: [ '27.5.1' ],
219 silly audit   'jest-changed-files': [ '27.5.1' ],
219 silly audit   'jest-circus': [ '27.5.1' ],
219 silly audit   'jest-cli': [ '27.5.1' ],
219 silly audit   'jest-config': [ '27.5.1' ],
219 silly audit   'jest-docblock': [ '27.5.1' ],
219 silly audit   'jest-each': [ '27.5.1' ],
219 silly audit   'jest-environment-jsdom': [ '27.5.1' ],
219 silly audit   'jest-environment-node': [ '27.5.1' ],
219 silly audit   'jest-haste-map': [ '27.5.1' ],
219 silly audit   'jest-jasmine2': [ '27.5.1' ],
219 silly audit   'jest-leak-detector': [ '27.5.1' ],
219 silly audit   'jest-mock': [ '27.5.1' ],
219 silly audit   'jest-pnp-resolver': [ '1.2.3' ],
219 silly audit   'jest-regex-util': [ '27.5.1', '28.0.2' ],
219 silly audit   'jest-resolve': [ '27.5.1' ],
219 silly audit   'jest-resolve-dependencies': [ '27.5.1' ],
219 silly audit   'jest-runner': [ '27.5.1' ],
219 silly audit   'jest-runtime': [ '27.5.1' ],
219 silly audit   'jest-serializer': [ '27.5.1' ],
219 silly audit   'jest-snapshot': [ '27.5.1' ],
219 silly audit   'jest-validate': [ '27.5.1' ],
219 silly audit   'jest-watch-typeahead': [ '1.1.0' ],
219 silly audit   slash: [ '3.0.0', '4.0.0' ],
219 silly audit   'jest-watcher': [ '28.1.3', '27.5.1' ],
219 silly audit   'string-length': [ '4.0.2', '5.0.1' ],
219 silly audit   'strip-ansi': [ '6.0.1', '7.1.0' ],
219 silly audit   jiti: [ '1.19.1' ],
219 silly audit   'js-tokens': [ '4.0.0' ],
219 silly audit   jsdom: [ '16.7.0' ],
219 silly audit   jsesc: [ '2.5.2', '0.5.0' ],
219 silly audit   'json-parse-even-better-errors': [ '2.3.1' ],
219 silly audit   'json-schema': [ '0.4.0' ],
219 silly audit   'json-stable-stringify-without-jsonify': [ '1.0.1' ],
219 silly audit   json5: [ '2.2.3', '1.0.2' ],
219 silly audit   jsonfile: [ '6.1.0' ],
219 silly audit   jsonpointer: [ '5.0.1' ],
219 silly audit   'jsx-ast-utils': [ '3.3.4' ],
219 silly audit   'kind-of': [ '6.0.3' ],
219 silly audit   kleur: [ '3.0.3' ],
219 silly audit   klona: [ '2.0.6' ],
219 silly audit   'language-subtag-registry': [ '0.3.22' ],
219 silly audit   'language-tags': [ '1.0.5' ],
219 silly audit   'launch-editor': [ '2.6.0' ],
219 silly audit   leven: [ '3.1.0' ],
219 silly audit   levn: [ '0.4.1' ],
219 silly audit   lilconfig: [ '2.1.0' ],
219 silly audit   'lines-and-columns': [ '1.2.4' ],
219 silly audit   'loader-runner': [ '4.3.0' ],
219 silly audit   'loader-utils': [ '2.0.4', '3.2.1' ],
219 silly audit   lodash: [ '4.17.21' ],
219 silly audit   'lodash.debounce': [ '4.0.8' ],
219 silly audit   'lodash.memoize': [ '4.1.2' ],
219 silly audit   'lodash.merge': [ '4.6.2' ],
219 silly audit   'lodash.sortby': [ '4.7.0' ],
219 silly audit   'lodash.uniq': [ '4.5.0' ],
219 silly audit   'loose-envify': [ '1.4.0' ],
219 silly audit   'lower-case': [ '2.0.2' ],
219 silly audit   'lru-cache': [ '5.1.1', '6.0.0' ],
219 silly audit   'lz-string': [ '1.5.0' ],
219 silly audit   'magic-string': [ '0.25.9' ],
219 silly audit   'make-dir': [ '3.1.0' ],
219 silly audit   makeerror: [ '1.0.12' ],
219 silly audit   'media-typer': [ '0.3.0' ],
219 silly audit   memfs: [ '3.5.3' ],
219 silly audit   'merge-descriptors': [ '1.0.1' ],
219 silly audit   'merge-stream': [ '2.0.0' ],
219 silly audit   merge2: [ '1.4.1' ],
219 silly audit   methods: [ '1.1.2' ],
219 silly audit   micromatch: [ '4.0.5' ],
219 silly audit   mime: [ '1.6.0' ],
219 silly audit   'mime-db': [ '1.52.0' ],
219 silly audit   'mime-types': [ '2.1.35' ],
219 silly audit   'mimic-fn': [ '2.1.0', '4.0.0' ],
219 silly audit   'min-indent': [ '1.0.1' ],
219 silly audit   'mini-css-extract-plugin': [ '2.7.6' ],
219 silly audit   'minimalistic-assert': [ '1.0.1' ],
219 silly audit   minimist: [ '1.2.8' ],
219 silly audit   mkdirp: [ '0.5.6' ],
219 silly audit   'multicast-dns': [ '7.2.5' ],
219 silly audit   mz: [ '2.7.0' ],
219 silly audit   nanoid: [ '3.3.6' ],
219 silly audit   'natural-compare': [ '1.4.0' ],
219 silly audit   'natural-compare-lite': [ '1.4.0' ],
219 silly audit   negotiator: [ '0.6.3' ],
219 silly audit   'neo-async': [ '2.6.2' ],
219 silly audit   'no-case': [ '3.0.4' ],
219 silly audit   'node-forge': [ '1.3.1' ],
219 silly audit   'node-int64': [ '0.4.0' ],
219 silly audit   'node-releases': [ '2.0.13' ],
219 silly audit   'normalize-path': [ '3.0.0' ],
219 silly audit   'normalize-range': [ '0.1.2' ],
219 silly audit   'normalize-url': [ '6.1.0' ],
219 silly audit   'npm-run-path': [ '4.0.1', '5.1.0' ],
219 silly audit   'nth-check': [ '2.1.1', '1.0.2' ],
219 silly audit   nwsapi: [ '2.2.7' ],
219 silly audit   'object-assign': [ '4.1.1' ],
219 silly audit   'object-hash': [ '3.0.0' ],
219 silly audit   'object-inspect': [ '1.12.3' ],
219 silly audit   'object-is': [ '1.1.5' ],
219 silly audit   'object-keys': [ '1.1.1' ],
219 silly audit   'object.assign': [ '4.1.4' ],
219 silly audit   'object.entries': [ '1.1.6' ],
219 silly audit   'object.fromentries': [ '2.0.6' ],
219 silly audit   'object.getownpropertydescriptors': [ '2.1.6' ],
219 silly audit   'object.hasown': [ '1.1.2' ],
219 silly audit   'object.values': [ '1.1.6' ],
219 silly audit   obuf: [ '1.1.2' ],
219 silly audit   'on-finished': [ '2.4.1' ],
219 silly audit   'on-headers': [ '1.0.2' ],
219 silly audit   once: [ '1.4.0' ],
219 silly audit   onetime: [ '5.1.2', '6.0.0' ],
219 silly audit   open: [ '8.4.2' ],
219 silly audit   optionator: [ '0.9.3' ],
219 silly audit   'p-retry': [ '4.6.2' ],
219 silly audit   'p-try': [ '2.2.0' ],
219 silly audit   'param-case': [ '3.0.4' ],
219 silly audit   'parent-module': [ '1.0.1' ],
219 silly audit   'parse-json': [ '5.2.0' ],
219 silly audit   parse5: [ '6.0.1' ],
219 silly audit   parseurl: [ '1.3.3' ],
219 silly audit   'pascal-case': [ '3.1.2' ],
219 silly audit   'path-exists': [ '4.0.0', '3.0.0' ],
219 silly audit   'path-is-absolute': [ '1.0.1' ],
219 silly audit   'path-key': [ '3.1.1', '4.0.0' ],
219 silly audit   'path-parse': [ '1.0.7' ],
219 silly audit   'path-to-regexp': [ '0.1.7' ],
219 silly audit   'path-type': [ '4.0.0' ],
219 silly audit   'performance-now': [ '2.1.0' ],
219 silly audit   picocolors: [ '1.0.0', '0.2.1' ],
219 silly audit   picomatch: [ '2.3.1' ],
219 silly audit   pify: [ '2.3.0' ],
219 silly audit   pirates: [ '4.0.6' ],
219 silly audit   'pkg-dir': [ '4.2.0' ],
219 silly audit   'pkg-up': [ '3.1.0' ],
219 silly audit   postcss: [ '8.4.25', '7.0.39' ],
219 silly audit   'postcss-attribute-case-insensitive': [ '5.0.2' ],
219 silly audit   'postcss-browser-comments': [ '4.0.0' ],
219 silly audit   'postcss-calc': [ '8.2.4' ],
219 silly audit   'postcss-clamp': [ '4.1.0' ],
219 silly audit   'postcss-color-functional-notation': [ '4.2.4' ],
219 silly audit   'postcss-color-hex-alpha': [ '8.0.4' ],
219 silly audit   'postcss-color-rebeccapurple': [ '7.1.1' ],
219 silly audit   'postcss-colormin': [ '5.3.1' ],
219 silly audit   'postcss-convert-values': [ '5.1.3' ],
219 silly audit   'postcss-custom-media': [ '8.0.2' ],
219 silly audit   'postcss-custom-properties': [ '12.1.11' ],
219 silly audit   'postcss-custom-selectors': [ '6.0.3' ],
219 silly audit   'postcss-dir-pseudo-class': [ '6.0.5' ],
219 silly audit   'postcss-discard-comments': [ '5.1.2' ],
219 silly audit   'postcss-discard-duplicates': [ '5.1.0' ],
219 silly audit   'postcss-discard-empty': [ '5.1.1' ],
219 silly audit   'postcss-discard-overridden': [ '5.1.0' ],
219 silly audit   'postcss-double-position-gradients': [ '3.1.2' ],
219 silly audit   'postcss-env-function': [ '4.0.6' ],
219 silly audit   'postcss-flexbugs-fixes': [ '5.0.2' ],
219 silly audit   'postcss-focus-visible': [ '6.0.4' ],
219 silly audit   'postcss-focus-within': [ '5.0.4' ],
219 silly audit   'postcss-font-variant': [ '5.0.0' ],
219 silly audit   'postcss-gap-properties': [ '3.0.5' ],
219 silly audit   'postcss-image-set-function': [ '4.0.7' ],
219 silly audit   'postcss-import': [ '15.1.0' ],
219 silly audit   'postcss-initial': [ '4.0.1' ],
219 silly audit   'postcss-js': [ '4.0.1' ],
219 silly audit   'postcss-lab-function': [ '4.2.1' ],
219 silly audit   'postcss-load-config': [ '4.0.1' ],
219 silly audit   yaml: [ '2.3.1', '1.10.2' ],
219 silly audit   'postcss-loader': [ '6.2.1' ],
219 silly audit   'postcss-logical': [ '5.0.4' ],
219 silly audit   'postcss-media-minmax': [ '5.0.0' ],
219 silly audit   'postcss-merge-longhand': [ '5.1.7' ],
219 silly audit   'postcss-merge-rules': [ '5.1.4' ],
219 silly audit   'postcss-minify-font-values': [ '5.1.0' ],
219 silly audit   'postcss-minify-gradients': [ '5.1.1' ],
219 silly audit   'postcss-minify-params': [ '5.1.4' ],
219 silly audit   'postcss-minify-selectors': [ '5.2.1' ],
219 silly audit   'postcss-modules-extract-imports': [ '3.0.0' ],
219 silly audit   'postcss-modules-local-by-default': [ '4.0.3' ],
219 silly audit   'postcss-modules-scope': [ '3.0.0' ],
219 silly audit   'postcss-modules-values': [ '4.0.0' ],
219 silly audit   'postcss-nested': [ '6.0.1' ],
219 silly audit   'postcss-nesting': [ '10.2.0' ],
219 silly audit   'postcss-normalize': [ '10.0.1' ],
219 silly audit   'postcss-normalize-charset': [ '5.1.0' ],
219 silly audit   'postcss-normalize-display-values': [ '5.1.0' ],
219 silly audit   'postcss-normalize-positions': [ '5.1.1' ],
219 silly audit   'postcss-normalize-repeat-style': [ '5.1.1' ],
219 silly audit   'postcss-normalize-string': [ '5.1.0' ],
219 silly audit   'postcss-normalize-timing-functions': [ '5.1.0' ],
219 silly audit   'postcss-normalize-unicode': [ '5.1.1' ],
219 silly audit   'postcss-normalize-url': [ '5.1.0' ],
219 silly audit   'postcss-normalize-whitespace': [ '5.1.1' ],
219 silly audit   'postcss-opacity-percentage': [ '1.1.3' ],
219 silly audit   'postcss-ordered-values': [ '5.1.3' ],
219 silly audit   'postcss-overflow-shorthand': [ '3.0.4' ],
219 silly audit   'postcss-page-break': [ '3.0.4' ],
219 silly audit   'postcss-place': [ '7.0.5' ],
219 silly audit   'postcss-preset-env': [ '7.8.3' ],
219 silly audit   'postcss-pseudo-class-any-link': [ '7.1.6' ],
219 silly audit   'postcss-reduce-initial': [ '5.1.2' ],
219 silly audit   'postcss-reduce-transforms': [ '5.1.0' ],
219 silly audit   'postcss-replace-overflow-wrap': [ '4.0.0' ],
219 silly audit   'postcss-selector-not': [ '6.0.1' ],
219 silly audit   'postcss-selector-parser': [ '6.0.13' ],
219 silly audit   'postcss-svgo': [ '5.1.0' ],
219 silly audit   svgo: [ '2.8.0', '1.3.2' ],
219 silly audit   'postcss-unique-selectors': [ '5.1.1' ],
219 silly audit   'postcss-value-parser': [ '4.2.0' ],
219 silly audit   'prelude-ls': [ '1.2.1' ],
219 silly audit   'pretty-bytes': [ '5.6.0' ],
219 silly audit   'pretty-error': [ '4.0.0' ],
219 silly audit   'process-nextick-args': [ '2.0.1' ],
219 silly audit   promise: [ '8.3.0' ],
219 silly audit   prompts: [ '2.4.2' ],
219 silly audit   'prop-types': [ '15.8.1' ],
219 silly audit   'proxy-addr': [ '2.0.7' ],
219 silly audit   psl: [ '1.9.0' ],
219 silly audit   punycode: [ '2.3.0' ],
219 silly audit   q: [ '1.5.1' ],
219 silly audit   qs: [ '6.11.0' ],
219 silly audit   querystringify: [ '2.2.0' ],
219 silly audit   'queue-microtask': [ '1.2.3' ],
219 silly audit   raf: [ '3.4.1' ],
219 silly audit   randombytes: [ '2.1.0' ],
219 silly audit   'range-parser': [ '1.2.1' ],
219 silly audit   'raw-body': [ '2.5.1' ],
219 silly audit   react: [ '18.2.0' ],
219 silly audit   'react-app-polyfill': [ '3.0.0' ],
219 silly audit   'react-dev-utils': [ '12.0.1' ],
219 silly audit   'react-dom': [ '18.2.0' ],
219 silly audit   'react-error-overlay': [ '6.0.11' ],
219 silly audit   'react-refresh': [ '0.11.0' ],
219 silly audit   'react-scripts': [ '5.0.1' ],
219 silly audit   'read-cache': [ '1.0.0' ],
219 silly audit   readdirp: [ '3.6.0' ],
219 silly audit   'recursive-readdir': [ '2.2.3' ],
219 silly audit   redent: [ '3.0.0' ],
219 silly audit   regenerate: [ '1.4.2' ],
219 silly audit   'regenerate-unicode-properties': [ '10.1.0' ],
219 silly audit   'regenerator-runtime': [ '0.13.11' ],
219 silly audit   'regenerator-transform': [ '0.15.1' ],
219 silly audit   'regex-parser': [ '2.2.11' ],
219 silly audit   'regexp.prototype.flags': [ '1.5.0' ],
219 silly audit   'regexpu-core': [ '5.3.2' ],
219 silly audit   regjsparser: [ '0.9.1' ],
219 silly audit   relateurl: [ '0.2.7' ],
219 silly audit   renderkid: [ '3.0.0' ],
219 silly audit   'require-directory': [ '2.1.1' ],
219 silly audit   'require-from-string': [ '2.0.2' ],
219 silly audit   'requires-port': [ '1.0.0' ],
219 silly audit   'resolve-cwd': [ '3.0.0' ],
219 silly audit   'resolve-url-loader': [ '4.0.0' ],
219 silly audit   'resolve.exports': [ '1.1.1' ],
219 silly audit   retry: [ '0.13.1' ],
219 silly audit   reusify: [ '1.0.4' ],
219 silly audit   rimraf: [ '3.0.2' ],
219 silly audit   rollup: [ '2.79.1' ],
219 silly audit   'rollup-plugin-terser': [ '7.0.2' ],
219 silly audit   'serialize-javascript': [ '4.0.0', '6.0.1' ],
219 silly audit   'run-parallel': [ '1.2.0' ],
219 silly audit   'safe-array-concat': [ '1.0.0' ],
219 silly audit   'safe-regex-test': [ '1.0.0' ],
219 silly audit   'safer-buffer': [ '2.1.2' ],
219 silly audit   'sanitize.css': [ '13.0.0' ],
219 silly audit   'sass-loader': [ '12.6.0' ],
219 silly audit   sax: [ '1.2.4' ],
219 silly audit   saxes: [ '5.0.1' ],
219 silly audit   scheduler: [ '0.23.0' ],
219 silly audit   'select-hose': [ '2.0.0' ],
219 silly audit   selfsigned: [ '2.1.1' ],
219 silly audit   yallist: [ '4.0.0', '3.1.1' ],
219 silly audit   send: [ '0.18.0' ],
219 silly audit   'serve-index': [ '1.9.1' ],
219 silly audit   setprototypeof: [ '1.1.0', '1.2.0' ],
219 silly audit   statuses: [ '1.5.0', '2.0.1' ],
219 silly audit   'serve-static': [ '1.15.0' ],
219 silly audit   'shebang-command': [ '2.0.0' ],
219 silly audit   'shebang-regex': [ '3.0.0' ],
219 silly audit   'shell-quote': [ '1.8.1' ],
219 silly audit   'side-channel': [ '1.0.4' ],
219 silly audit   'signal-exit': [ '3.0.7' ],
219 silly audit   sisteransi: [ '1.0.5' ],
219 silly audit   sockjs: [ '0.3.24' ],
219 silly audit   'source-list-map': [ '2.0.1' ],
219 silly audit   'source-map-js': [ '1.0.2' ],
219 silly audit   'source-map-loader': [ '3.0.2' ],
219 silly audit   'source-map-support': [ '0.5.21' ],
219 silly audit   'sourcemap-codec': [ '1.4.8' ],
219 silly audit   spdy: [ '4.0.2' ],
219 silly audit   'spdy-transport': [ '3.0.0' ],
219 silly audit   'sprintf-js': [ '1.0.3' ],
219 silly audit   stable: [ '0.1.8' ],
219 silly audit   'stack-utils': [ '2.0.6' ],
219 silly audit   stackframe: [ '1.3.4' ],
219 silly audit   'stop-iteration-iterator': [ '1.0.0' ],
219 silly audit   'string-natural-compare': [ '3.0.1' ],
219 silly audit   'string-width': [ '4.2.3', '5.1.2' ],
219 silly audit   'string.prototype.matchall': [ '4.0.8' ],
219 silly audit   'string.prototype.trim': [ '1.2.7' ],
219 silly audit   'string.prototype.trimend': [ '1.0.6' ],
219 silly audit   'string.prototype.trimstart': [ '1.0.6' ],
219 silly audit   'stringify-object': [ '3.3.0' ],
219 silly audit   'strip-bom': [ '4.0.0', '3.0.0' ],
219 silly audit   'strip-comments': [ '2.0.1' ],
219 silly audit   'strip-final-newline': [ '2.0.0', '3.0.0' ],
219 silly audit   'strip-indent': [ '3.0.0' ],
219 silly audit   'strip-json-comments': [ '3.1.1' ],
219 silly audit   'style-loader': [ '3.3.3' ],
219 silly audit   stylehacks: [ '5.1.1' ],
219 silly audit   sucrase: [ '3.32.0' ],
219 silly audit   'supports-hyperlinks': [ '2.3.0' ],
219 silly audit   'supports-preserve-symlinks-flag': [ '1.0.0' ],
219 silly audit   'svg-parser': [ '2.0.4' ],
219 silly audit   'symbol-tree': [ '3.2.4' ],
219 silly audit   tailwindcss: [ '3.3.2' ],
219 silly audit   'temp-dir': [ '2.0.0' ],
219 silly audit   tempy: [ '0.6.0' ],
219 silly audit   'terminal-link': [ '2.1.1' ],
219 silly audit   terser: [ '5.19.0' ],
219 silly audit   'terser-webpack-plugin': [ '5.3.9' ],
219 silly audit   'test-exclude': [ '6.0.0' ],
219 silly audit   'text-table': [ '0.2.0' ],
219 silly audit   thenify: [ '3.3.1' ],
219 silly audit   'thenify-all': [ '1.6.0' ],
219 silly audit   throat: [ '6.0.2' ],
219 silly audit   thunky: [ '1.1.0' ],
219 silly audit   tmpl: [ '1.0.5' ],
219 silly audit   'to-fast-properties': [ '2.0.0' ],
219 silly audit   'to-regex-range': [ '5.0.1' ],
219 silly audit   toidentifier: [ '1.0.1' ],
219 silly audit   'tough-cookie': [ '4.1.3' ],
219 silly audit   universalify: [ '0.2.0', '2.0.0' ],
219 silly audit   tr46: [ '2.1.0', '1.0.1' ],
219 silly audit   tryer: [ '1.0.1' ],
219 silly audit   'ts-interface-checker': [ '0.1.13' ],
219 silly audit   'tsconfig-paths': [ '3.14.2' ],
219 silly audit   tslib: [ '2.6.0', '1.14.1' ],
219 silly audit   tsutils: [ '3.21.0' ],
219 silly audit   'type-check': [ '0.4.0' ],
219 silly audit   'type-detect': [ '4.0.8' ],
219 silly audit   'type-is': [ '1.6.18' ],
219 silly audit   'typed-array-length': [ '1.0.4' ],
219 silly audit   'typedarray-to-buffer': [ '3.1.5' ],
219 silly audit   typescript: [ '4.9.5' ],
219 silly audit   'unbox-primitive': [ '1.0.2' ],
219 silly audit   'unicode-canonical-property-names-ecmascript': [ '2.0.0' ],
219 silly audit   'unicode-match-property-ecmascript': [ '2.0.0' ],
219 silly audit   'unicode-match-property-value-ecmascript': [ '2.1.0' ],
219 silly audit   'unicode-property-aliases-ecmascript': [ '2.1.0' ],
219 silly audit   'unique-string': [ '2.0.0' ],
219 silly audit   unpipe: [ '1.0.0' ],
219 silly audit   unquote: [ '1.1.1' ],
219 silly audit   upath: [ '1.2.0' ],
219 silly audit   'update-browserslist-db': [ '1.0.11' ],
219 silly audit   'uri-js': [ '4.4.1' ],
219 silly audit   'url-parse': [ '1.5.10' ],
219 silly audit   'util-deprecate': [ '1.0.2' ],
219 silly audit   'util.promisify': [ '1.0.1' ],
219 silly audit   utila: [ '0.4.0' ],
219 silly audit   'utils-merge': [ '1.0.1' ],
219 silly audit   uuid: [ '8.3.2' ],
219 silly audit   'v8-to-istanbul': [ '8.1.1' ],
219 silly audit   vary: [ '1.1.2' ],
219 silly audit   'w3c-hr-time': [ '1.0.2' ],
219 silly audit   'w3c-xmlserializer': [ '2.0.0' ],
219 silly audit   walker: [ '1.0.8' ],
219 silly audit   watchpack: [ '2.4.0' ],
219 silly audit   wbuf: [ '1.7.3' ],
219 silly audit   'web-vitals': [ '2.1.4' ],
219 silly audit   webpack: [ '5.88.1' ],
219 silly audit   'webpack-dev-middleware': [ '5.3.3' ],
219 silly audit   'webpack-dev-server': [ '4.15.1' ],
219 silly audit   ws: [ '8.13.0', '7.5.9' ],
219 silly audit   'webpack-manifest-plugin': [ '4.1.1' ],
219 silly audit   'webpack-sources': [ '2.3.1', '3.2.3', '1.4.3' ],
219 silly audit   'websocket-driver': [ '0.7.4' ],
219 silly audit   'websocket-extensions': [ '0.1.4' ],
219 silly audit   'whatwg-encoding': [ '1.0.5' ],
219 silly audit   'whatwg-fetch': [ '3.6.2' ],
219 silly audit   'whatwg-mimetype': [ '2.3.0' ],
219 silly audit   'whatwg-url': [ '8.7.0', '7.1.0' ],
219 silly audit   'which-boxed-primitive': [ '1.0.2' ],
219 silly audit   'which-collection': [ '1.0.1' ],
219 silly audit   'which-typed-array': [ '1.1.10' ],
219 silly audit   'workbox-background-sync': [ '6.6.0' ],
219 silly audit   'workbox-broadcast-update': [ '6.6.0' ],
219 silly audit   'workbox-build': [ '6.6.0' ],
219 silly audit   '@apideck/better-ajv-errors': [ '0.3.6' ],
219 silly audit   'workbox-cacheable-response': [ '6.6.0' ],
219 silly audit   'workbox-core': [ '6.6.0' ],
219 silly audit   'workbox-expiration': [ '6.6.0' ],
219 silly audit   'workbox-google-analytics': [ '6.6.0' ],
219 silly audit   'workbox-navigation-preload': [ '6.6.0' ],
219 silly audit   'workbox-precaching': [ '6.6.0' ],
219 silly audit   'workbox-range-requests': [ '6.6.0' ],
219 silly audit   'workbox-recipes': [ '6.6.0' ],
219 silly audit   'workbox-routing': [ '6.6.0' ],
219 silly audit   'workbox-strategies': [ '6.6.0' ],
219 silly audit   'workbox-streams': [ '6.6.0' ],
219 silly audit   'workbox-sw': [ '6.6.0' ],
219 silly audit   'workbox-webpack-plugin': [ '6.6.0' ],
219 silly audit   'workbox-window': [ '6.6.0' ],
219 silly audit   'wrap-ansi': [ '7.0.0', '6.2.0' ],
219 silly audit   wrappy: [ '1.0.2' ],
219 silly audit   'write-file-atomic': [ '3.0.3' ],
219 silly audit   'xml-name-validator': [ '3.0.0' ],
219 silly audit   xmlchars: [ '2.2.0' ],
219 silly audit   y18n: [ '5.0.8' ],
219 silly audit   yargs: [ '16.2.0' ],
219 silly audit   'yargs-parser': [ '20.2.9' ],
219 silly audit   'yocto-queue': [ '0.1.0' ],
219 silly audit   husky: [ '8.0.3' ],
219 silly audit   'lint-staged': [ '13.2.3' ],
219 silly audit   prettier: [ '3.0.0' ],
219 silly audit   'cli-truncate': [ '3.1.0', '2.1.0' ],
219 silly audit   listr2: [ '5.0.8' ],
219 silly audit   pidtree: [ '0.6.0' ],
219 silly audit   'string-argv': [ '0.3.2' ],
219 silly audit   'slice-ansi': [ '5.0.0', '4.0.0', '3.0.0' ],
219 silly audit   'log-update': [ '4.0.0' ],
219 silly audit   'p-map': [ '4.0.0' ],
219 silly audit   rfdc: [ '1.3.0' ],
219 silly audit   rxjs: [ '7.8.1' ],
219 silly audit   through: [ '2.3.8' ],
219 silly audit   'cli-cursor': [ '3.1.0' ],
219 silly audit   'restore-cursor': [ '3.1.0' ],
219 silly audit   'aggregate-error': [ '3.1.0' ],
219 silly audit   'clean-stack': [ '2.2.0' ],
219 silly audit   eastasianwidth: [ '0.2.0' ],
219 silly audit   'astral-regex': [ '2.0.0' ]
219 silly audit }
220 verbose reify failed optional dependency C:\Users\HP PC\OneDrive\Desktop\react\expense-tracker\node_modules\fsevents
221 silly reify mark deleted [
221 silly reify   'C:\\Users\\HP PC\\OneDrive\\Desktop\\react\\expense-tracker\\node_modules\\fsevents'
221 silly reify ]
222 timing reifyNode:node_modules/fsevents Completed in 12ms
223 silly tarball no local data for astral-regex@https://registry.npmjs.org/astral-regex/-/astral-regex-2.0.0.tgz. Extracting by manifest.
224 silly tarball no local data for aggregate-error@https://registry.npmjs.org/aggregate-error/-/aggregate-error-3.1.0.tgz. Extracting by manifest.
225 silly tarball no local data for eastasianwidth@https://registry.npmjs.org/eastasianwidth/-/eastasianwidth-0.2.0.tgz. Extracting by manifest.
226 silly tarball no local data for clean-stack@https://registry.npmjs.org/clean-stack/-/clean-stack-2.2.0.tgz. Extracting by manifest.
227 silly tarball no local data for restore-cursor@https://registry.npmjs.org/restore-cursor/-/restore-cursor-3.1.0.tgz. Extracting by manifest.
228 silly tarball no local data for cli-cursor@https://registry.npmjs.org/cli-cursor/-/cli-cursor-3.1.0.tgz. Extracting by manifest.
229 silly tarball no local data for through@https://registry.npmjs.org/through/-/through-2.3.8.tgz. Extracting by manifest.
230 silly tarball no local data for rxjs@https://registry.npmjs.org/rxjs/-/rxjs-7.8.1.tgz. Extracting by manifest.
231 silly tarball no local data for rfdc@https://registry.npmjs.org/rfdc/-/rfdc-1.3.0.tgz. Extracting by manifest.
232 silly tarball no local data for log-update@https://registry.npmjs.org/log-update/-/log-update-4.0.0.tgz. Extracting by manifest.
233 silly tarball no local data for listr2@https://registry.npmjs.org/listr2/-/listr2-5.0.8.tgz. Extracting by manifest.
234 silly tarball no local data for p-map@https://registry.npmjs.org/p-map/-/p-map-4.0.0.tgz. Extracting by manifest.
235 silly tarball no local data for slice-ansi@https://registry.npmjs.org/slice-ansi/-/slice-ansi-5.0.0.tgz. Extracting by manifest.
236 silly tarball no local data for string-argv@https://registry.npmjs.org/string-argv/-/string-argv-0.3.2.tgz. Extracting by manifest.
237 silly tarball no local data for cli-truncate@https://registry.npmjs.org/cli-truncate/-/cli-truncate-3.1.0.tgz. Extracting by manifest.
238 silly tarball no local data for lint-staged@https://registry.npmjs.org/lint-staged/-/lint-staged-13.2.3.tgz. Extracting by manifest.
239 silly tarball no local data for pidtree@https://registry.npmjs.org/pidtree/-/pidtree-0.6.0.tgz. Extracting by manifest.
240 silly tarball no local data for color-name@https://registry.npmjs.org/color-name/-/color-name-1.1.4.tgz. Extracting by manifest.
241 silly tarball no local data for prettier@https://registry.npmjs.org/prettier/-/prettier-3.0.0.tgz. Extracting by manifest.
242 silly tarball no local data for color-convert@https://registry.npmjs.org/color-convert/-/color-convert-2.0.1.tgz. Extracting by manifest.
243 silly tarball no local data for ansi-styles@https://registry.npmjs.org/ansi-styles/-/ansi-styles-4.3.0.tgz. Extracting by manifest.
244 silly tarball no local data for color-convert@https://registry.npmjs.org/color-convert/-/color-convert-2.0.1.tgz. Extracting by manifest.
245 silly tarball no local data for husky@https://registry.npmjs.org/husky/-/husky-8.0.3.tgz. Extracting by manifest.
246 silly tarball no local data for ansi-styles@https://registry.npmjs.org/ansi-styles/-/ansi-styles-4.3.0.tgz. Extracting by manifest.
247 silly tarball no local data for wrap-ansi@https://registry.npmjs.org/wrap-ansi/-/wrap-ansi-6.2.0.tgz. Extracting by manifest.
248 silly tarball no local data for slice-ansi@https://registry.npmjs.org/slice-ansi/-/slice-ansi-4.0.0.tgz. Extracting by manifest.
249 silly tarball no local data for color-name@https://registry.npmjs.org/color-name/-/color-name-1.1.4.tgz. Extracting by manifest.
250 silly tarball no local data for strip-ansi@https://registry.npmjs.org/strip-ansi/-/strip-ansi-7.1.0.tgz. Extracting by manifest.
251 silly tarball no local data for ansi-styles@https://registry.npmjs.org/ansi-styles/-/ansi-styles-6.2.1.tgz. Extracting by manifest.
252 silly tarball no local data for is-fullwidth-code-point@https://registry.npmjs.org/is-fullwidth-code-point/-/is-fullwidth-code-point-4.0.0.tgz. Extracting by manifest.
253 silly tarball no local data for slice-ansi@https://registry.npmjs.org/slice-ansi/-/slice-ansi-3.0.0.tgz. Extracting by manifest.
254 silly tarball no local data for ansi-regex@https://registry.npmjs.org/ansi-regex/-/ansi-regex-6.0.1.tgz. Extracting by manifest.
255 silly tarball no local data for cli-truncate@https://registry.npmjs.org/cli-truncate/-/cli-truncate-2.1.0.tgz. Extracting by manifest.
256 silly tarball no local data for path-key@https://registry.npmjs.org/path-key/-/path-key-4.0.0.tgz. Extracting by manifest.
257 silly tarball no local data for mimic-fn@https://registry.npmjs.org/mimic-fn/-/mimic-fn-4.0.0.tgz. Extracting by manifest.
258 silly tarball no local data for string-width@https://registry.npmjs.org/string-width/-/string-width-5.1.2.tgz. Extracting by manifest.
259 silly tarball no local data for onetime@https://registry.npmjs.org/onetime/-/onetime-6.0.0.tgz. Extracting by manifest.
260 silly tarball no local data for strip-final-newline@https://registry.npmjs.org/strip-final-newline/-/strip-final-newline-3.0.0.tgz. Extracting by manifest.
261 silly tarball no local data for npm-run-path@https://registry.npmjs.org/npm-run-path/-/npm-run-path-5.1.0.tgz. Extracting by manifest.
262 silly tarball no local data for human-signals@https://registry.npmjs.org/human-signals/-/human-signals-4.3.1.tgz. Extracting by manifest.
263 silly tarball no local data for is-stream@https://registry.npmjs.org/is-stream/-/is-stream-3.0.0.tgz. Extracting by manifest.
264 silly tarball no local data for execa@https://registry.npmjs.org/execa/-/execa-7.1.1.tgz. Extracting by manifest.
265 silly tarball no local data for yaml@https://registry.npmjs.org/yaml/-/yaml-2.3.1.tgz. Extracting by manifest.
266 silly tarball no local data for chalk@https://registry.npmjs.org/chalk/-/chalk-5.2.0.tgz. Extracting by manifest.
267 silly tarball no local data for commander@https://registry.npmjs.org/commander/-/commander-10.0.1.tgz. Extracting by manifest.
268 http fetch POST 200 https://registry.npmjs.org/-/npm/v1/security/advisories/bulk 362ms
269 timing auditReport:getReport Completed in 383ms
270 silly audit report {
270 silly audit report   'nth-check': [
270 silly audit report     {
270 silly audit report       id: 1092100,
270 silly audit report       url: 'https://github.com/advisories/GHSA-rp65-9cf3-cjxr',
270 silly audit report       title: 'Inefficient Regular Expression Complexity in nth-check',
270 silly audit report       severity: 'high',
270 silly audit report       vulnerable_versions: '<2.0.1',
270 silly audit report       cwe: [Array],
270 silly audit report       cvss: [Object]
270 silly audit report     }
270 silly audit report   ]
270 silly audit report }
271 timing metavuln:cache:get:security-advisory:nth-check:VShbb2pbM9iksRuYGUI6WhS0c/9djVcfoEfWXIwFzEBhRVrRSuTCDa9vjezd0osgxCl3EdqFIbu2HDodpf6EMw== Completed in 8ms
272 http fetch GET 200 https://registry.npmjs.org/log-update/-/log-update-4.0.0.tgz 325ms (cache miss)
273 http fetch GET 200 https://registry.npmjs.org/eastasianwidth/-/eastasianwidth-0.2.0.tgz 336ms (cache miss)
274 timing reifyNode:node_modules/eastasianwidth Completed in 379ms
275 http fetch GET 200 https://registry.npmjs.org/astral-regex/-/astral-regex-2.0.0.tgz 341ms (cache miss)
276 http fetch GET 200 https://registry.npmjs.org/restore-cursor/-/restore-cursor-3.1.0.tgz 335ms (cache miss)
277 http fetch GET 200 https://registry.npmjs.org/color-name/-/color-name-1.1.4.tgz 322ms (cache miss)
278 http fetch GET 200 https://registry.npmjs.org/cli-truncate/-/cli-truncate-3.1.0.tgz 331ms (cache miss)
279 http fetch GET 200 https://registry.npmjs.org/slice-ansi/-/slice-ansi-4.0.0.tgz 324ms (cache miss)
280 http fetch GET 200 https://registry.npmjs.org/pidtree/-/pidtree-0.6.0.tgz 337ms (cache miss)
281 http fetch GET 200 https://registry.npmjs.org/color-name/-/color-name-1.1.4.tgz 324ms (cache miss)
282 http fetch GET 200 https://registry.npmjs.org/cli-cursor/-/cli-cursor-3.1.0.tgz 365ms (cache miss)
283 timing reifyNode:node_modules/log-update/node_modules/color-name Completed in 412ms
284 http fetch GET 200 https://registry.npmjs.org/wrap-ansi/-/wrap-ansi-6.2.0.tgz 344ms (cache miss)
285 http fetch GET 200 https://registry.npmjs.org/slice-ansi/-/slice-ansi-5.0.0.tgz 361ms (cache miss)
286 http fetch GET 200 https://registry.npmjs.org/ansi-regex/-/ansi-regex-6.0.1.tgz 339ms (cache miss)
287 http fetch GET 200 https://registry.npmjs.org/aggregate-error/-/aggregate-error-3.1.0.tgz 379ms (cache miss)
288 http fetch GET 200 https://registry.npmjs.org/strip-ansi/-/strip-ansi-7.1.0.tgz 347ms (cache miss)
289 timing reifyNode:node_modules/astral-regex Completed in 425ms
290 timing reifyNode:node_modules/log-update Completed in 422ms
291 http fetch GET 200 https://registry.npmjs.org/strip-final-newline/-/strip-final-newline-3.0.0.tgz 332ms (cache miss)
292 timing reifyNode:node_modules/restore-cursor Completed in 424ms
293 http fetch GET 200 https://registry.npmjs.org/is-fullwidth-code-point/-/is-fullwidth-code-point-4.0.0.tgz 347ms (cache miss)
294 http fetch GET 200 https://registry.npmjs.org/clean-stack/-/clean-stack-2.2.0.tgz 381ms (cache miss)
295 timing reifyNode:node_modules/listr2/node_modules/color-name Completed in 422ms
296 timing reifyNode:node_modules/log-update/node_modules/wrap-ansi Completed in 425ms
297 timing reifyNode:node_modules/slice-ansi Completed in 424ms
298 timing reifyNode:node_modules/log-update/node_modules/slice-ansi Completed in 425ms
299 http fetch GET 200 https://registry.npmjs.org/string-width/-/string-width-5.1.2.tgz 340ms (cache miss)
300 timing reifyNode:node_modules/cli-cursor Completed in 430ms
301 timing reifyNode:node_modules/cli-truncate Completed in 426ms
302 http fetch GET 200 https://registry.npmjs.org/ansi-styles/-/ansi-styles-4.3.0.tgz 364ms (cache miss)
303 http fetch GET 200 https://registry.npmjs.org/slice-ansi/-/slice-ansi-3.0.0.tgz 355ms (cache miss)
304 http fetch GET 200 https://registry.npmjs.org/npm-run-path/-/npm-run-path-5.1.0.tgz 341ms (cache miss)
305 timing reifyNode:node_modules/listr2/node_modules/slice-ansi Completed in 430ms
306 timing reifyNode:node_modules/clean-stack Completed in 436ms
307 timing reifyNode:node_modules/aggregate-error Completed in 436ms
308 http fetch GET 200 https://registry.npmjs.org/p-map/-/p-map-4.0.0.tgz 382ms (cache miss)
309 http fetch GET 200 https://registry.npmjs.org/is-stream/-/is-stream-3.0.0.tgz 345ms (cache miss)
310 http fetch GET 200 https://registry.npmjs.org/cli-truncate/-/cli-truncate-2.1.0.tgz 365ms (cache miss)
311 timing reifyNode:node_modules/lint-staged/node_modules/strip-final-newline Completed in 439ms
312 http fetch GET 200 https://registry.npmjs.org/ansi-styles/-/ansi-styles-6.2.1.tgz 370ms (cache miss)
313 timing reifyNode:node_modules/log-update/node_modules/ansi-styles Completed in 447ms
314 timing reifyNode:node_modules/p-map Completed in 450ms
315 timing reifyNode:node_modules/cli-truncate/node_modules/strip-ansi Completed in 445ms
316 http fetch GET 200 https://registry.npmjs.org/mimic-fn/-/mimic-fn-4.0.0.tgz 364ms (cache miss)
317 http fetch GET 200 https://registry.npmjs.org/ansi-styles/-/ansi-styles-4.3.0.tgz 383ms (cache miss)
318 timing reifyNode:node_modules/listr2/node_modules/ansi-styles Completed in 449ms
319 timing reifyNode:node_modules/cli-truncate/node_modules/string-width Completed in 449ms
320 timing reifyNode:node_modules/listr2/node_modules/cli-truncate Completed in 449ms
321 timing reifyNode:node_modules/cli-truncate/node_modules/ansi-regex Completed in 449ms
322 timing reifyNode:node_modules/slice-ansi/node_modules/ansi-styles Completed in 453ms
323 timing reifyNode:node_modules/lint-staged/node_modules/npm-run-path Completed in 450ms
324 timing reifyNode:node_modules/slice-ansi/node_modules/is-fullwidth-code-point Completed in 455ms
325 timing reifyNode:node_modules/lint-staged/node_modules/mimic-fn Completed in 453ms
326 timing reifyNode:node_modules/lint-staged/node_modules/is-stream Completed in 453ms
327 http fetch GET 200 https://registry.npmjs.org/color-convert/-/color-convert-2.0.1.tgz 391ms (cache miss)
328 http fetch GET 200 https://registry.npmjs.org/color-convert/-/color-convert-2.0.1.tgz 394ms (cache miss)
329 timing reifyNode:node_modules/log-update/node_modules/color-convert Completed in 462ms
330 timing reifyNode:node_modules/listr2/node_modules/color-convert Completed in 459ms
331 http fetch GET 200 https://registry.npmjs.org/husky/-/husky-8.0.3.tgz 396ms (cache miss)
332 http fetch GET 200 https://registry.npmjs.org/string-argv/-/string-argv-0.3.2.tgz 409ms (cache miss)
333 timing reifyNode:node_modules/husky Completed in 462ms
334 timing reifyNode:node_modules/string-argv Completed in 467ms
335 http fetch GET 200 https://registry.npmjs.org/rfdc/-/rfdc-1.3.0.tgz 421ms (cache miss)
336 timing reifyNode:node_modules/rfdc Completed in 475ms
337 http fetch GET 200 https://registry.npmjs.org/listr2/-/listr2-5.0.8.tgz 425ms (cache miss)
338 timing reifyNode:node_modules/listr2 Completed in 476ms
339 http fetch GET 200 https://registry.npmjs.org/through/-/through-2.3.8.tgz 430ms (cache miss)
340 timing reifyNode:node_modules/through Completed in 481ms
341 timing reifyNode:node_modules/pidtree Completed in 481ms
342 http fetch GET 200 https://registry.npmjs.org/onetime/-/onetime-6.0.0.tgz 395ms (cache miss)
343 timing reifyNode:node_modules/lint-staged/node_modules/onetime Completed in 480ms
344 http fetch GET 200 https://registry.npmjs.org/path-key/-/path-key-4.0.0.tgz 477ms (cache miss)
345 timing reifyNode:node_modules/lint-staged/node_modules/path-key Completed in 560ms
346 http fetch GET 200 https://registry.npmjs.org/human-signals/-/human-signals-4.3.1.tgz 483ms (cache miss)
347 timing reifyNode:node_modules/lint-staged/node_modules/human-signals Completed in 574ms
348 http fetch GET 200 https://registry.npmjs.org/execa/-/execa-7.1.1.tgz 489ms (cache miss)
349 timing reifyNode:node_modules/lint-staged/node_modules/execa Completed in 578ms
350 http fetch GET 200 https://registry.npmjs.org/chalk/-/chalk-5.2.0.tgz 492ms (cache miss)
351 http fetch GET 200 https://registry.npmjs.org/lint-staged/-/lint-staged-13.2.3.tgz 534ms (cache miss)
352 timing reifyNode:node_modules/lint-staged Completed in 589ms
353 http fetch GET 200 https://registry.npmjs.org/commander/-/commander-10.0.1.tgz 509ms (cache miss)
354 timing reifyNode:node_modules/lint-staged/node_modules/commander Completed in 604ms
355 timing reifyNode:node_modules/lint-staged/node_modules/chalk Completed in 615ms
356 http fetch GET 200 https://registry.npmjs.org/prettier/-/prettier-3.0.0.tgz 889ms (cache miss)
357 timing reifyNode:node_modules/prettier Completed in 950ms
358 http fetch GET 200 https://registry.npmjs.org/yaml/-/yaml-2.3.1.tgz 979ms (cache miss)
359 timing reifyNode:node_modules/lint-staged/node_modules/yaml Completed in 1071ms
360 http fetch GET 200 https://registry.npmjs.org/nth-check 1102ms (cache miss)
361 timing metavuln:packument:nth-check Completed in 1103ms
362 timing metavuln:load:security-advisory:nth-check:1092100 Completed in 2ms
363 timing metavuln:cache:put:security-advisory:nth-check:VShbb2pbM9iksRuYGUI6WhS0c/9djVcfoEfWXIwFzEBhRVrRSuTCDa9vjezd0osgxCl3EdqFIbu2HDodpf6EMw== Completed in 8ms
364 timing metavuln:calculate:security-advisory:nth-check:1092100 Completed in 1115ms
365 timing metavuln:cache:get:security-advisory:css-select:6Q3WcbvCox+C7jCzBi55fZu7PzLgUFPqZ7bcQ5yyZqIQMyth+QuMQSRfPoYl0ho+43ONGo8WToe5RX6Nmn+azg== Completed in 1ms
366 http fetch GET 200 https://registry.npmjs.org/css-select 39ms (cache miss)
367 timing metavuln:packument:css-select Completed in 41ms
368 timing metavuln:load:security-advisory:css-select:VShbb2pbM9iksRuYGUI6WhS0c/9djVcfoEfWXIwFzEBhRVrRSuTCDa9vjezd0osgxCl3EdqFIbu2HDodpf6EMw== Completed in 3ms
369 timing metavuln:cache:put:security-advisory:css-select:6Q3WcbvCox+C7jCzBi55fZu7PzLgUFPqZ7bcQ5yyZqIQMyth+QuMQSRfPoYl0ho+43ONGo8WToe5RX6Nmn+azg== Completed in 6ms
370 timing metavuln:calculate:security-advisory:css-select:VShbb2pbM9iksRuYGUI6WhS0c/9djVcfoEfWXIwFzEBhRVrRSuTCDa9vjezd0osgxCl3EdqFIbu2HDodpf6EMw== Completed in 50ms
371 timing metavuln:cache:get:security-advisory:svgo:vErk/Tr41M4I0fahRNGscyNGXLTNdqMtZ4ZEs+ou5DxEDnidAFd1TXXayAxE8fx+4uZk6uugW00JAouNqQL7Bg== Completed in 2ms
372 http fetch GET 200 https://registry.npmjs.org/svgo 52ms (cache miss)
373 timing metavuln:packument:svgo Completed in 55ms
374 timing metavuln:load:security-advisory:svgo:6Q3WcbvCox+C7jCzBi55fZu7PzLgUFPqZ7bcQ5yyZqIQMyth+QuMQSRfPoYl0ho+43ONGo8WToe5RX6Nmn+azg== Completed in 5ms
375 timing metavuln:cache:put:security-advisory:svgo:vErk/Tr41M4I0fahRNGscyNGXLTNdqMtZ4ZEs+ou5DxEDnidAFd1TXXayAxE8fx+4uZk6uugW00JAouNqQL7Bg== Completed in 6ms
376 timing metavuln:calculate:security-advisory:svgo:6Q3WcbvCox+C7jCzBi55fZu7PzLgUFPqZ7bcQ5yyZqIQMyth+QuMQSRfPoYl0ho+43ONGo8WToe5RX6Nmn+azg== Completed in 66ms
377 timing metavuln:cache:get:security-advisory:@svgr/plugin-svgo:Ofi9URR1pZCsqhTQOtAE8b86llEYaJZwfJns5zit7ycr4LQ6T1Z++rCEbABN7oQBHQnuG9Sz9mkjA5E+5NlaVw== Completed in 3ms
378 http fetch GET 200 https://registry.npmjs.org/@svgr%2fplugin-svgo 56ms (cache miss)
379 timing metavuln:packument:@svgr/plugin-svgo Completed in 58ms
380 timing metavuln:load:security-advisory:@svgr/plugin-svgo:vErk/Tr41M4I0fahRNGscyNGXLTNdqMtZ4ZEs+ou5DxEDnidAFd1TXXayAxE8fx+4uZk6uugW00JAouNqQL7Bg== Completed in 6ms
381 timing metavuln:cache:put:security-advisory:@svgr/plugin-svgo:Ofi9URR1pZCsqhTQOtAE8b86llEYaJZwfJns5zit7ycr4LQ6T1Z++rCEbABN7oQBHQnuG9Sz9mkjA5E+5NlaVw== Completed in 8ms
382 timing metavuln:calculate:security-advisory:@svgr/plugin-svgo:vErk/Tr41M4I0fahRNGscyNGXLTNdqMtZ4ZEs+ou5DxEDnidAFd1TXXayAxE8fx+4uZk6uugW00JAouNqQL7Bg== Completed in 74ms
383 timing metavuln:cache:get:security-advisory:@svgr/webpack:2ij2v4T0026ncWHpmQe8XgJ/2KdwRGZXDsa6kCFQWZQ+3ZLewzneZ0HWl2jXpeR6xYou2zIQoxFQsfTsub5ecA== Completed in 2ms
384 http fetch GET 200 https://registry.npmjs.org/@svgr%2fwebpack 59ms (cache miss)
385 timing metavuln:packument:@svgr/webpack Completed in 61ms
386 timing metavuln:load:security-advisory:@svgr/webpack:Ofi9URR1pZCsqhTQOtAE8b86llEYaJZwfJns5zit7ycr4LQ6T1Z++rCEbABN7oQBHQnuG9Sz9mkjA5E+5NlaVw== Completed in 11ms
387 timing metavuln:cache:put:security-advisory:@svgr/webpack:2ij2v4T0026ncWHpmQe8XgJ/2KdwRGZXDsa6kCFQWZQ+3ZLewzneZ0HWl2jXpeR6xYou2zIQoxFQsfTsub5ecA== Completed in 7ms
388 timing metavuln:calculate:security-advisory:@svgr/webpack:Ofi9URR1pZCsqhTQOtAE8b86llEYaJZwfJns5zit7ycr4LQ6T1Z++rCEbABN7oQBHQnuG9Sz9mkjA5E+5NlaVw== Completed in 80ms
389 timing metavuln:cache:get:security-advisory:react-scripts:i/Brq/MTTPV/SFRBqvAeBdkADPSZQ1NxOgeTsMcoG5OYWxncyuuMjUihq25Y8opGskeuwgO1d16ewpid5xId2A== Completed in 2ms
390 http fetch GET 200 https://registry.npmjs.org/react-scripts 84ms (cache miss)
391 timing metavuln:packument:react-scripts Completed in 95ms
392 timing metavuln:load:security-advisory:react-scripts:2ij2v4T0026ncWHpmQe8XgJ/2KdwRGZXDsa6kCFQWZQ+3ZLewzneZ0HWl2jXpeR6xYou2zIQoxFQsfTsub5ecA== Completed in 8ms
393 timing metavuln:cache:put:security-advisory:react-scripts:i/Brq/MTTPV/SFRBqvAeBdkADPSZQ1NxOgeTsMcoG5OYWxncyuuMjUihq25Y8opGskeuwgO1d16ewpid5xId2A== Completed in 6ms
394 timing metavuln:calculate:security-advisory:react-scripts:2ij2v4T0026ncWHpmQe8XgJ/2KdwRGZXDsa6kCFQWZQ+3ZLewzneZ0HWl2jXpeR6xYou2zIQoxFQsfTsub5ecA== Completed in 109ms
395 timing auditReport:init Completed in 1523ms
396 timing reify:audit Completed in 1908ms
397 http fetch GET 200 https://registry.npmjs.org/rxjs/-/rxjs-7.8.1.tgz 4043ms (cache miss)
398 timing reifyNode:node_modules/rxjs Completed in 4093ms
399 timing reify:unpack Completed in 4095ms
400 timing reify:unretire Completed in 1ms
401 timing build:queue Completed in 4ms
402 timing build:link:node_modules/husky Completed in 14ms
403 timing build:link:node_modules/lint-staged Completed in 14ms
404 timing build:link:node_modules/prettier Completed in 13ms
405 timing build:link:node_modules/pidtree Completed in 14ms
406 timing build:link Completed in 15ms
407 timing build:deps Completed in 20ms
408 timing build Completed in 20ms
409 timing reify:build Completed in 22ms
410 timing reify:trash Completed in 1ms
411 timing reify:save Completed in 345ms
412 timing reify Completed in 11516ms
413 silly ADD node_modules/astral-regex
414 silly ADD node_modules/eastasianwidth
415 silly ADD node_modules/clean-stack
416 silly ADD node_modules/aggregate-error
417 silly ADD node_modules/restore-cursor
418 silly ADD node_modules/cli-cursor
419 silly ADD node_modules/through
420 silly ADD node_modules/rxjs
421 silly ADD node_modules/rfdc
422 silly ADD node_modules/p-map
423 silly ADD node_modules/log-update
424 silly ADD node_modules/log-update/node_modules/color-name
425 silly ADD node_modules/log-update/node_modules/color-convert
426 silly ADD node_modules/log-update/node_modules/ansi-styles
427 silly ADD node_modules/log-update/node_modules/wrap-ansi
428 silly ADD node_modules/log-update/node_modules/slice-ansi
429 silly ADD node_modules/slice-ansi
430 silly ADD node_modules/slice-ansi/node_modules/is-fullwidth-code-point
431 silly ADD node_modules/slice-ansi/node_modules/ansi-styles
432 silly ADD node_modules/string-argv
433 silly ADD node_modules/pidtree
434 silly ADD node_modules/listr2
435 silly ADD node_modules/listr2/node_modules/color-name
436 silly ADD node_modules/listr2/node_modules/color-convert
437 silly ADD node_modules/listr2/node_modules/ansi-styles
438 silly ADD node_modules/listr2/node_modules/slice-ansi
439 silly ADD node_modules/listr2/node_modules/cli-truncate
440 silly ADD node_modules/cli-truncate
441 silly ADD node_modules/cli-truncate/node_modules/ansi-regex
442 silly ADD node_modules/cli-truncate/node_modules/strip-ansi
443 silly ADD node_modules/cli-truncate/node_modules/string-width
444 silly ADD node_modules/prettier
445 silly ADD node_modules/lint-staged
446 silly ADD node_modules/lint-staged/node_modules/mimic-fn
447 silly ADD node_modules/lint-staged/node_modules/path-key
448 silly ADD node_modules/lint-staged/node_modules/strip-final-newline
449 silly ADD node_modules/lint-staged/node_modules/onetime
450 silly ADD node_modules/lint-staged/node_modules/npm-run-path
451 silly ADD node_modules/lint-staged/node_modules/is-stream
452 silly ADD node_modules/lint-staged/node_modules/human-signals
453 silly ADD node_modules/lint-staged/node_modules/yaml
454 silly ADD node_modules/lint-staged/node_modules/execa
455 silly ADD node_modules/lint-staged/node_modules/commander
456 silly ADD node_modules/lint-staged/node_modules/chalk
457 silly ADD node_modules/husky
458 silly ADD
459 timing command:install Completed in 11542ms
460 verbose exit 0
461 timing npm Completed in 11594ms
462 info ok
